::1 - - [23/Sep/2024:11:58:35 +0700] "GET / HTTP/1.1" 302 202
::1 - - [23/Sep/2024:11:58:37 +0700] "GET / HTTP/1.1" 302 202
::1 - - [23/Sep/2024:16:17:06 +0700] "GET / HTTP/1.1" 302 202
::1 - - [23/Sep/2024:16:17:08 +0700] "GET / HTTP/1.1" 302 202
::1 - - [23/Sep/2024:16:18:08 +0700] "-" 408 -
::1 - - [23/Sep/2024:16:50:05 +0700] "GET / HTTP/1.1" 302 202
::1 - - [23/Sep/2024:16:50:07 +0700] "GET / HTTP/1.1" 302 202
::1 - - [23/Sep/2024:16:51:07 +0700] "-" 408 -
::1 - - [24/Sep/2024:08:48:41 +0700] "GET / HTTP/1.1" 302 202
::1 - - [24/Sep/2024:08:48:56 +0700] "GET / HTTP/1.1" 302 202
::1 - - [24/Sep/2024:08:49:56 +0700] "-" 408 -
::1 - - [24/Sep/2024:09:32:14 +0700] "POST / HTTP/1.1" 302 227
::1 - - [24/Sep/2024:09:32:15 +0700] "POST / HTTP/1.1" 302 227
::1 - - [24/Sep/2024:09:32:17 +0700] "POST / HTTP/1.1" 302 227
::1 - - [24/Sep/2024:09:32:21 +0700] "POST / HTTP/1.1" 302 227
::1 - - [24/Sep/2024:09:32:29 +0700] "POST / HTTP/1.1" 302 227
::1 - - [24/Sep/2024:09:32:31 +0700] "POST /handle_command.php HTTP/1.1" 302 245
::1 - - [24/Sep/2024:09:32:31 +0700] "POST /handle_command.php HTTP/1.1" 302 245
::1 - - [24/Sep/2024:09:32:34 +0700] "POST /handle_command.php HTTP/1.1" 302 245
::1 - - [24/Sep/2024:09:32:38 +0700] "POST /handle_command.php HTTP/1.1" 302 245
::1 - - [24/Sep/2024:09:32:46 +0700] "POST /handle_command.php HTTP/1.1" 302 245
::1 - - [24/Sep/2024:09:33:02 +0700] "POST /handle_command.php HTTP/1.1" 302 245
::1 - - [24/Sep/2024:09:33:35 +0700] "POST /handle_command.php HTTP/1.1" 302 245
::1 - - [24/Sep/2024:09:34:39 +0700] "POST /handle_command.php HTTP/1.1" 302 245
::1 - - [24/Sep/2024:09:35:35 +0700] "POST / HTTP/1.1" 302 227
::1 - - [24/Sep/2024:09:35:35 +0700] "POST / HTTP/1.1" 302 227
::1 - - [24/Sep/2024:09:35:37 +0700] "POST / HTTP/1.1" 302 227
::1 - - [24/Sep/2024:09:35:42 +0700] "POST / HTTP/1.1" 302 227
::1 - - [24/Sep/2024:09:35:43 +0700] "POST /handle_command.php HTTP/1.1" 302 245
::1 - - [24/Sep/2024:09:35:43 +0700] "POST /handle_command.php HTTP/1.1" 302 245
::1 - - [24/Sep/2024:09:35:45 +0700] "POST /handle_command.php HTTP/1.1" 302 245
::1 - - [24/Sep/2024:09:35:49 +0700] "POST /handle_command.php HTTP/1.1" 302 245
::1 - - [24/Sep/2024:09:35:58 +0700] "POST /handle_command.php HTTP/1.1" 302 245
::1 - - [24/Sep/2024:09:36:14 +0700] "POST /handle_command.php HTTP/1.1" 302 245
::1 - - [24/Sep/2024:09:36:47 +0700] "POST /handle_command.php HTTP/1.1" 302 245
::1 - - [24/Sep/2024:09:39:09 +0700] "POST /handle_command.php HTTP/1.1" 302 245
::1 - - [24/Sep/2024:09:39:09 +0700] "POST /handle_command.php HTTP/1.1" 302 245
::1 - - [24/Sep/2024:09:39:11 +0700] "POST /handle_command.php HTTP/1.1" 302 245
::1 - - [24/Sep/2024:09:39:15 +0700] "POST /handle_command.php HTTP/1.1" 302 245
::1 - - [24/Sep/2024:09:39:24 +0700] "POST /handle_command.php HTTP/1.1" 302 245
::1 - - [24/Sep/2024:09:39:40 +0700] "POST /handle_command.php HTTP/1.1" 302 245
::1 - - [24/Sep/2024:09:40:12 +0700] "POST /handle_command.php HTTP/1.1" 302 245
::1 - - [24/Sep/2024:09:41:17 +0700] "POST /handle_command.php HTTP/1.1" 302 245
::1 - - [24/Sep/2024:09:42:55 +0700] "POST /handle_command.php HTTP/1.1" 302 245
::1 - - [24/Sep/2024:09:44:28 +0700] "POST /handle_command.php HTTP/1.1" 302 245
::1 - - [24/Sep/2024:09:45:28 +0700] "POST /backend/app/Commands/handle_command.php HTTP/1.1" 302 266
::1 - - [24/Sep/2024:09:45:28 +0700] "POST /backend/app/Commands/handle_command.php HTTP/1.1" 302 266
::1 - - [24/Sep/2024:09:45:30 +0700] "POST /backend/app/Commands/handle_command.php HTTP/1.1" 302 266
::1 - - [24/Sep/2024:09:45:34 +0700] "POST /backend/app/Commands/handle_command.php HTTP/1.1" 302 266
::1 - - [24/Sep/2024:09:45:43 +0700] "POST /backend/app/Commands/handle_command.php HTTP/1.1" 302 266
::1 - - [24/Sep/2024:09:45:59 +0700] "POST /backend/app/Commands/handle_command.php HTTP/1.1" 302 266
::1 - - [24/Sep/2024:09:46:31 +0700] "POST /backend/app/Commands/handle_command.php HTTP/1.1" 302 266
::1 - - [24/Sep/2024:09:47:29 +0700] "POST /telegram-bot/backend/app/Commands/handle_command.php HTTP/1.1" 302 279
::1 - - [24/Sep/2024:09:47:29 +0700] "POST /telegram-bot/backend/app/Commands/handle_command.php HTTP/1.1" 302 279
::1 - - [24/Sep/2024:09:47:31 +0700] "POST /telegram-bot/backend/app/Commands/handle_command.php HTTP/1.1" 302 279
::1 - - [24/Sep/2024:09:47:36 +0700] "POST /telegram-bot/backend/app/Commands/handle_command.php HTTP/1.1" 302 279
::1 - - [24/Sep/2024:09:47:44 +0700] "POST /telegram-bot/backend/app/Commands/handle_command.php HTTP/1.1" 302 279
::1 - - [24/Sep/2024:09:48:00 +0700] "POST /telegram-bot/backend/app/Commands/handle_command.php HTTP/1.1" 302 279
::1 - - [24/Sep/2024:09:48:33 +0700] "POST /telegram-bot/backend/app/Commands/handle_command.php HTTP/1.1" 302 279
::1 - - [24/Sep/2024:09:49:37 +0700] "POST /telegram-bot/backend/app/Commands/handle_command.php HTTP/1.1" 302 279
::1 - - [24/Sep/2024:09:51:34 +0700] "POST /telegram-bot/backend/app/Commands/handle_command.php HTTP/1.1" 302 279
::1 - - [24/Sep/2024:09:52:35 +0700] "POST /telegram-bot/backend/app/Commands/handle_command.php HTTP/1.1" 302 279
::1 - - [24/Sep/2024:09:52:49 +0700] "POST /telegram-bot/backend/app/Commands/handle_command.php HTTP/1.1" 302 279
::1 - - [24/Sep/2024:10:03:55 +0700] "POST /handle_command.php HTTP/1.1" 302 245
::1 - - [24/Sep/2024:10:03:55 +0700] "POST /handle_command.php HTTP/1.1" 302 245
::1 - - [24/Sep/2024:10:03:58 +0700] "POST /handle_command.php HTTP/1.1" 302 245
::1 - - [24/Sep/2024:10:04:02 +0700] "POST /handle_command.php HTTP/1.1" 302 245
::1 - - [24/Sep/2024:10:04:10 +0700] "POST /handle_command.php HTTP/1.1" 302 245
::1 - - [24/Sep/2024:10:04:27 +0700] "POST /handle_command.php HTTP/1.1" 302 245
::1 - - [24/Sep/2024:10:04:59 +0700] "POST /handle_command.php HTTP/1.1" 302 245
::1 - - [24/Sep/2024:10:05:59 +0700] "POST /handle_command.php HTTP/1.1" 302 245
::1 - - [24/Sep/2024:10:07:02 +0700] "POST /handle_command.php HTTP/1.1" 302 245
::1 - - [24/Sep/2024:10:08:31 +0700] "POST /handle_command.php HTTP/1.1" 302 245
::1 - - [24/Sep/2024:10:09:58 +0700] "POST /handle_command.php HTTP/1.1" 302 245
::1 - - [24/Sep/2024:10:11:17 +0700] "POST /handle_command.php HTTP/1.1" 302 245
::1 - - [24/Sep/2024:10:13:09 +0700] "POST /handle_command.php HTTP/1.1" 302 245
::1 - - [24/Sep/2024:10:14:53 +0700] "POST /handle_command.php HTTP/1.1" 302 245
::1 - - [24/Sep/2024:10:16:26 +0700] "POST /handle_command.php HTTP/1.1" 302 245
::1 - - [24/Sep/2024:10:17:52 +0700] "POST /backend/app/Commands/handle_command.php HTTP/1.1" 302 266
::1 - - [24/Sep/2024:10:17:53 +0700] "POST /backend/app/Commands/handle_command.php HTTP/1.1" 302 266
::1 - - [24/Sep/2024:10:17:55 +0700] "POST /backend/app/Commands/handle_command.php HTTP/1.1" 302 266
::1 - - [24/Sep/2024:10:17:59 +0700] "POST /backend/app/Commands/handle_command.php HTTP/1.1" 302 266
::1 - - [24/Sep/2024:10:18:07 +0700] "POST /backend/app/Commands/handle_command.php HTTP/1.1" 302 266
::1 - - [24/Sep/2024:10:18:24 +0700] "POST /backend/app/Commands/handle_command.php HTTP/1.1" 302 266
::1 - - [24/Sep/2024:10:18:56 +0700] "POST /backend/app/Commands/handle_command.php HTTP/1.1" 302 266
::1 - - [24/Sep/2024:10:20:01 +0700] "POST /backend/app/Commands/handle_command.php HTTP/1.1" 302 266
::1 - - [24/Sep/2024:10:21:18 +0700] "POST /backend/app/Commands/handle_command.php HTTP/1.1" 302 266
::1 - - [24/Sep/2024:10:22:22 +0700] "POST /backend/app/Commands/handle_command.php HTTP/1.1" 302 266
::1 - - [24/Sep/2024:10:22:56 +0700] "POST /backend/app/Commands/handle_command.php HTTP/1.1" 302 266
::1 - - [24/Sep/2024:10:23:58 +0700] "POST /backend/app/Commands/handle_command.php HTTP/1.1" 302 266
::1 - - [24/Sep/2024:10:25:15 +0700] "POST /backend/app/Commands/handle_command.php HTTP/1.1" 302 266
::1 - - [24/Sep/2024:10:27:08 +0700] "POST /backend/app/Commands/handle_command.php HTTP/1.1" 302 266
::1 - - [24/Sep/2024:10:28:44 +0700] "POST /backend/app/Commands/handle_command.php HTTP/1.1" 302 266
::1 - - [24/Sep/2024:10:29:58 +0700] "POST /backend/app/Commands/handle_command.php HTTP/1.1" 302 266
::1 - - [24/Sep/2024:10:31:41 +0700] "POST /backend/app/Commands/handle_command.php HTTP/1.1" 302 266
::1 - - [24/Sep/2024:10:33:01 +0700] "POST /backend/app/Commands/handle_command.php HTTP/1.1" 302 266
::1 - - [24/Sep/2024:10:34:09 +0700] "POST /backend/app/Commands/handle_command.php HTTP/1.1" 302 266
::1 - - [24/Sep/2024:10:35:24 +0700] "POST /backend/app/Commands/handle_command.php HTTP/1.1" 302 266
::1 - - [24/Sep/2024:10:36:31 +0700] "POST /backend/app/Commands/handle_command.php HTTP/1.1" 302 266
::1 - - [24/Sep/2024:10:38:10 +0700] "POST /backend/app/Commands/handle_command.php HTTP/1.1" 302 266
::1 - - [24/Sep/2024:10:39:50 +0700] "POST /backend/app/Commands/handle_command.php HTTP/1.1" 302 266
::1 - - [24/Sep/2024:10:40:52 +0700] "POST /backend/app/Commands/handle_command.php HTTP/1.1" 302 266
::1 - - [24/Sep/2024:10:41:55 +0700] "POST /backend/app/Commands/handle_command.php HTTP/1.1" 302 266
::1 - - [24/Sep/2024:10:43:26 +0700] "POST /backend/app/Commands/handle_command.php HTTP/1.1" 302 266
::1 - - [24/Sep/2024:10:45:00 +0700] "POST /backend/app/Commands/handle_command.php HTTP/1.1" 302 266
::1 - - [24/Sep/2024:10:46:48 +0700] "POST /backend/app/Commands/handle_command.php HTTP/1.1" 302 266
::1 - - [24/Sep/2024:10:48:38 +0700] "POST /backend/app/Commands/handle_command.php HTTP/1.1" 302 266
::1 - - [24/Sep/2024:10:50:28 +0700] "POST /backend/app/Commands/handle_command.php HTTP/1.1" 302 266
::1 - - [24/Sep/2024:10:52:07 +0700] "POST /backend/app/Commands/handle_command.php HTTP/1.1" 302 266
::1 - - [24/Sep/2024:10:54:00 +0700] "POST /backend/app/Commands/handle_command.php HTTP/1.1" 302 266
::1 - - [24/Sep/2024:10:55:38 +0700] "POST /backend/app/Commands/handle_command.php HTTP/1.1" 302 266
::1 - - [24/Sep/2024:10:57:21 +0700] "POST /backend/app/Commands/handle_command.php HTTP/1.1" 302 266
::1 - - [24/Sep/2024:10:59:15 +0700] "POST /backend/app/Commands/handle_command.php HTTP/1.1" 302 266
::1 - - [24/Sep/2024:11:00:50 +0700] "POST /backend/app/Commands/handle_command.php HTTP/1.1" 302 266
::1 - - [24/Sep/2024:11:02:10 +0700] "POST /backend/app/Commands/handle_command.php HTTP/1.1" 302 266
::1 - - [24/Sep/2024:11:03:15 +0700] "POST /backend/app/Commands/handle_command.php HTTP/1.1" 302 266
::1 - - [24/Sep/2024:11:04:58 +0700] "POST /backend/app/Commands/handle_command.php HTTP/1.1" 302 266
::1 - - [24/Sep/2024:11:06:49 +0700] "POST /backend/app/Commands/handle_command.php HTTP/1.1" 302 266
::1 - - [24/Sep/2024:11:07:52 +0700] "POST /backend/app/Commands/handle_command.php HTTP/1.1" 302 266
::1 - - [24/Sep/2024:11:09:20 +0700] "POST /backend/app/Commands/handle_command.php HTTP/1.1" 302 266
::1 - - [24/Sep/2024:11:11:01 +0700] "POST /backend/app/Commands/handle_command.php HTTP/1.1" 302 266
::1 - - [24/Sep/2024:11:12:57 +0700] "POST /backend/app/Commands/handle_command.php HTTP/1.1" 302 266
::1 - - [24/Sep/2024:11:14:33 +0700] "POST /backend/app/Commands/handle_command.php HTTP/1.1" 302 266
::1 - - [24/Sep/2024:11:15:45 +0700] "POST /backend/app/Commands/handle_command.php HTTP/1.1" 302 266
::1 - - [24/Sep/2024:11:16:48 +0700] "POST /backend/app/Commands/handle_command.php HTTP/1.1" 302 266
::1 - - [24/Sep/2024:11:17:55 +0700] "POST /backend/app/Commands/handle_command.php HTTP/1.1" 302 266
::1 - - [24/Sep/2024:11:19:38 +0700] "POST /backend/app/Commands/handle_command.php HTTP/1.1" 302 266
::1 - - [24/Sep/2024:11:20:52 +0700] "POST /backend/app/Commands/handle_command.php HTTP/1.1" 302 266
::1 - - [24/Sep/2024:11:22:39 +0700] "POST /backend/app/Commands/handle_command.php HTTP/1.1" 302 266
::1 - - [24/Sep/2024:11:23:49 +0700] "POST /backend/app/Commands/handle_command.php HTTP/1.1" 302 266
::1 - - [24/Sep/2024:11:25:25 +0700] "POST /backend/app/Commands/handle_command.php HTTP/1.1" 302 266
::1 - - [24/Sep/2024:11:26:59 +0700] "POST /backend/app/Commands/handle_command.php HTTP/1.1" 302 266
::1 - - [24/Sep/2024:11:28:21 +0700] "POST /backend/app/Commands/handle_command.php HTTP/1.1" 302 266
::1 - - [24/Sep/2024:11:29:35 +0700] "POST /backend/app/Commands/handle_command.php HTTP/1.1" 302 266
::1 - - [24/Sep/2024:11:31:06 +0700] "POST /backend/app/Commands/handle_command.php HTTP/1.1" 302 266
::1 - - [24/Sep/2024:11:32:21 +0700] "POST /backend/app/Commands/handle_command.php HTTP/1.1" 302 266
::1 - - [24/Sep/2024:11:34:37 +0700] "POST /backend/app/Commands/handle_command.php HTTP/1.1" 302 266
::1 - - [24/Sep/2024:11:35:44 +0700] "POST /backend/app/Commands/handle_command.php HTTP/1.1" 302 266
::1 - - [24/Sep/2024:11:36:53 +0700] "POST /backend/app/Commands/handle_command.php HTTP/1.1" 302 266
::1 - - [24/Sep/2024:11:37:55 +0700] "POST /backend/app/Commands/handle_command.php HTTP/1.1" 302 266
::1 - - [24/Sep/2024:11:39:39 +0700] "POST /backend/app/Commands/handle_command.php HTTP/1.1" 302 266
::1 - - [24/Sep/2024:11:41:12 +0700] "POST /backend/app/Commands/handle_command.php HTTP/1.1" 302 266
::1 - - [24/Sep/2024:11:42:12 +0700] "POST /backend/app/Commands/handle_command.php HTTP/1.1" 302 266
::1 - - [24/Sep/2024:11:43:39 +0700] "POST /backend/app/Commands/handle_command.php HTTP/1.1" 302 266
::1 - - [24/Sep/2024:11:45:19 +0700] "POST /backend/app/Commands/handle_command.php HTTP/1.1" 302 266
::1 - - [24/Sep/2024:11:47:20 +0700] "POST /backend/app/Commands/handle_command.php HTTP/1.1" 302 266
::1 - - [24/Sep/2024:11:48:21 +0700] "POST /backend/app/Commands/handle_command.php HTTP/1.1" 302 266
::1 - - [24/Sep/2024:11:50:20 +0700] "POST /backend/app/Commands/handle_command.php HTTP/1.1" 302 266
::1 - - [24/Sep/2024:11:51:31 +0700] "POST /backend/app/Commands/handle_command.php HTTP/1.1" 302 266
::1 - - [24/Sep/2024:11:53:10 +0700] "POST /backend/app/Commands/handle_command.php HTTP/1.1" 302 266
::1 - - [24/Sep/2024:11:54:12 +0700] "POST /backend/app/Commands/handle_command.php HTTP/1.1" 302 266
::1 - - [24/Sep/2024:11:54:20 +0700] "POST / HTTP/1.1" 302 227
::1 - - [24/Sep/2024:11:54:20 +0700] "POST / HTTP/1.1" 302 227
::1 - - [24/Sep/2024:11:54:23 +0700] "POST / HTTP/1.1" 302 227
::1 - - [24/Sep/2024:11:54:27 +0700] "POST / HTTP/1.1" 302 227
::1 - - [24/Sep/2024:11:54:35 +0700] "POST / HTTP/1.1" 302 227
::1 - - [24/Sep/2024:11:54:52 +0700] "POST / HTTP/1.1" 302 227
::1 - - [24/Sep/2024:11:55:24 +0700] "POST / HTTP/1.1" 302 227
::1 - - [24/Sep/2024:11:56:28 +0700] "POST / HTTP/1.1" 302 227
::1 - - [24/Sep/2024:11:58:20 +0700] "POST / HTTP/1.1" 302 227
::1 - - [24/Sep/2024:12:00:18 +0700] "POST / HTTP/1.1" 302 227
::1 - - [24/Sep/2024:12:01:35 +0700] "POST / HTTP/1.1" 302 227
::1 - - [24/Sep/2024:12:02:41 +0700] "POST / HTTP/1.1" 302 227
::1 - - [24/Sep/2024:12:04:07 +0700] "POST / HTTP/1.1" 302 227
::1 - - [24/Sep/2024:12:05:33 +0700] "POST / HTTP/1.1" 302 227
::1 - - [24/Sep/2024:12:07:20 +0700] "POST / HTTP/1.1" 302 227
::1 - - [24/Sep/2024:12:09:01 +0700] "POST / HTTP/1.1" 302 227
::1 - - [24/Sep/2024:12:10:45 +0700] "POST / HTTP/1.1" 302 227
::1 - - [24/Sep/2024:12:12:37 +0700] "POST / HTTP/1.1" 302 227
::1 - - [24/Sep/2024:12:13:42 +0700] "POST / HTTP/1.1" 302 227
::1 - - [24/Sep/2024:12:15:35 +0700] "POST / HTTP/1.1" 302 227
::1 - - [24/Sep/2024:12:16:59 +0700] "POST / HTTP/1.1" 302 227
::1 - - [24/Sep/2024:12:18:15 +0700] "POST / HTTP/1.1" 302 227
::1 - - [24/Sep/2024:12:19:34 +0700] "POST / HTTP/1.1" 302 227
::1 - - [24/Sep/2024:12:20:57 +0700] "POST / HTTP/1.1" 302 227
::1 - - [24/Sep/2024:12:22:38 +0700] "POST / HTTP/1.1" 302 227
::1 - - [24/Sep/2024:12:23:59 +0700] "POST / HTTP/1.1" 302 227
::1 - - [24/Sep/2024:12:25:26 +0700] "POST / HTTP/1.1" 302 227
::1 - - [24/Sep/2024:12:27:11 +0700] "POST / HTTP/1.1" 302 227
::1 - - [24/Sep/2024:12:28:25 +0700] "POST / HTTP/1.1" 302 227
::1 - - [24/Sep/2024:12:29:43 +0700] "POST / HTTP/1.1" 302 227
::1 - - [24/Sep/2024:12:30:52 +0700] "POST / HTTP/1.1" 302 227
::1 - - [24/Sep/2024:12:32:21 +0700] "POST / HTTP/1.1" 302 227
::1 - - [24/Sep/2024:12:33:32 +0700] "POST / HTTP/1.1" 302 227
::1 - - [24/Sep/2024:12:34:36 +0700] "POST / HTTP/1.1" 302 227
::1 - - [24/Sep/2024:12:36:03 +0700] "POST / HTTP/1.1" 302 227
::1 - - [24/Sep/2024:12:37:17 +0700] "POST / HTTP/1.1" 302 227
::1 - - [24/Sep/2024:12:38:24 +0700] "POST / HTTP/1.1" 302 227
::1 - - [24/Sep/2024:12:39:30 +0700] "POST / HTTP/1.1" 302 227
::1 - - [24/Sep/2024:12:41:23 +0700] "POST / HTTP/1.1" 302 227
::1 - - [24/Sep/2024:12:42:31 +0700] "POST / HTTP/1.1" 302 227
::1 - - [24/Sep/2024:12:44:05 +0700] "POST / HTTP/1.1" 302 227
::1 - - [24/Sep/2024:12:46:00 +0700] "POST / HTTP/1.1" 302 227
::1 - - [24/Sep/2024:12:47:52 +0700] "POST / HTTP/1.1" 302 227
::1 - - [24/Sep/2024:12:49:22 +0700] "POST / HTTP/1.1" 302 227
::1 - - [24/Sep/2024:14:17:50 +0700] "GET / HTTP/1.1" 302 202
::1 - - [24/Sep/2024:14:17:51 +0700] "GET / HTTP/1.1" 302 202
::1 - - [24/Sep/2024:14:18:51 +0700] "-" 408 -
::1 - - [24/Sep/2024:14:35:27 +0700] "GET / HTTP/1.1" 302 202
::1 - - [24/Sep/2024:14:35:29 +0700] "GET / HTTP/1.1" 302 202
::1 - - [24/Sep/2024:14:36:29 +0700] "-" 408 -
::1 - - [25/Sep/2024:08:00:58 +0700] "GET / HTTP/1.1" 302 202
::1 - - [25/Sep/2024:08:00:59 +0700] "GET / HTTP/1.1" 302 202
::1 - - [25/Sep/2024:08:01:59 +0700] "-" 408 -
::1 - - [25/Sep/2024:08:09:54 +0700] "GET / HTTP/1.1" 302 202
::1 - - [25/Sep/2024:08:09:55 +0700] "GET / HTTP/1.1" 302 202
::1 - - [25/Sep/2024:08:10:55 +0700] "-" 408 -
::1 - - [25/Sep/2024:08:45:19 +0700] "GET / HTTP/1.1" 302 202
::1 - - [25/Sep/2024:08:45:21 +0700] "GET / HTTP/1.1" 302 202
::1 - - [25/Sep/2024:08:46:21 +0700] "-" 408 -
::1 - - [25/Sep/2024:09:06:11 +0700] "GET / HTTP/1.1" 302 202
::1 - - [25/Sep/2024:09:06:12 +0700] "GET / HTTP/1.1" 302 202
::1 - - [25/Sep/2024:09:07:12 +0700] "-" 408 -
::1 - - [25/Sep/2024:10:25:58 +0700] "GET / HTTP/1.1" 302 202
::1 - - [25/Sep/2024:10:26:01 +0700] "GET / HTTP/1.1" 302 202
::1 - - [25/Sep/2024:10:27:01 +0700] "-" 408 -
::1 - - [25/Sep/2024:10:31:45 +0700] "GET / HTTP/1.1" 302 202
::1 - - [25/Sep/2024:10:31:47 +0700] "GET / HTTP/1.1" 302 202
::1 - - [25/Sep/2024:10:32:47 +0700] "-" 408 -
::1 - - [25/Sep/2024:13:16:35 +0700] "GET / HTTP/1.1" 302 202
::1 - - [25/Sep/2024:13:26:26 +0700] "GET / HTTP/1.1" 302 202
::1 - - [25/Sep/2024:14:12:26 +0700] "GET / HTTP/1.1" 302 202
::1 - - [25/Sep/2024:14:15:02 +0700] "GET / HTTP/1.1" 302 202
