[Wed Oct 16 08:47:27.845873 2024] [ssl:warn] [pid 17988:tid 164] AH01906: localhost:443:0 server certificate is a CA certificate (BasicConstraints: CA == TRUE !?)
[Wed Oct 16 08:47:27.845873 2024] [ssl:warn] [pid 17988:tid 164] AH01909: localhost:443:0 server certificate does NOT include an ID which matches the server name
[Wed Oct 16 08:47:27.914415 2024] [ssl:warn] [pid 17988:tid 164] AH01906: localhost:443:0 server certificate is a CA certificate (BasicConstraints: CA == TRUE !?)
[Wed Oct 16 08:47:27.914415 2024] [ssl:warn] [pid 17988:tid 164] AH01909: localhost:443:0 server certificate does NOT include an ID which matches the server name
[Wed Oct 16 08:47:29.470618 2024] [ssl:warn] [pid 2824:tid 348] AH01906: localhost:443:0 server certificate is a CA certificate (BasicConstraints: CA == TRUE !?)
[Wed Oct 16 08:47:29.470618 2024] [ssl:warn] [pid 2824:tid 348] AH01909: localhost:443:0 server certificate does NOT include an ID which matches the server name
[Wed Oct 16 08:47:29.526858 2024] [ssl:warn] [pid 2824:tid 348] AH01906: localhost:443:0 server certificate is a CA certificate (BasicConstraints: CA == TRUE !?)
[Wed Oct 16 08:47:29.526858 2024] [ssl:warn] [pid 2824:tid 348] AH01909: localhost:443:0 server certificate does NOT include an ID which matches the server name
[Wed Oct 16 09:28:31.416481 2024] [ssl:warn] [pid 20092:tid 328] AH01906: localhost:443:0 server certificate is a CA certificate (BasicConstraints: CA == TRUE !?)
[Wed Oct 16 09:28:31.416481 2024] [ssl:warn] [pid 20092:tid 328] AH01909: localhost:443:0 server certificate does NOT include an ID which matches the server name
[Wed Oct 16 09:28:31.490685 2024] [ssl:warn] [pid 20092:tid 328] AH01906: localhost:443:0 server certificate is a CA certificate (BasicConstraints: CA == TRUE !?)
[Wed Oct 16 09:28:31.490685 2024] [ssl:warn] [pid 20092:tid 328] AH01909: localhost:443:0 server certificate does NOT include an ID which matches the server name
[Wed Oct 16 09:28:32.361487 2024] [ssl:warn] [pid 13928:tid 368] AH01906: localhost:443:0 server certificate is a CA certificate (BasicConstraints: CA == TRUE !?)
[Wed Oct 16 09:28:32.362482 2024] [ssl:warn] [pid 13928:tid 368] AH01909: localhost:443:0 server certificate does NOT include an ID which matches the server name
[Wed Oct 16 09:28:32.481386 2024] [ssl:warn] [pid 13928:tid 368] AH01906: localhost:443:0 server certificate is a CA certificate (BasicConstraints: CA == TRUE !?)
[Wed Oct 16 09:28:32.481386 2024] [ssl:warn] [pid 13928:tid 368] AH01909: localhost:443:0 server certificate does NOT include an ID which matches the server name
[Wed Oct 16 09:33:21.382154 2024] [ssl:warn] [pid 7792:tid 352] AH01906: localhost:443:0 server certificate is a CA certificate (BasicConstraints: CA == TRUE !?)
[Wed Oct 16 09:33:21.382154 2024] [ssl:warn] [pid 7792:tid 352] AH01909: localhost:443:0 server certificate does NOT include an ID which matches the server name
[Wed Oct 16 09:33:21.450788 2024] [ssl:warn] [pid 7792:tid 352] AH01906: localhost:443:0 server certificate is a CA certificate (BasicConstraints: CA == TRUE !?)
[Wed Oct 16 09:33:21.450788 2024] [ssl:warn] [pid 7792:tid 352] AH01909: localhost:443:0 server certificate does NOT include an ID which matches the server name
[Wed Oct 16 09:33:22.150157 2024] [ssl:warn] [pid 14352:tid 372] AH01906: localhost:443:0 server certificate is a CA certificate (BasicConstraints: CA == TRUE !?)
[Wed Oct 16 09:33:22.150157 2024] [ssl:warn] [pid 14352:tid 372] AH01909: localhost:443:0 server certificate does NOT include an ID which matches the server name
[Wed Oct 16 09:33:22.286966 2024] [ssl:warn] [pid 14352:tid 372] AH01906: localhost:443:0 server certificate is a CA certificate (BasicConstraints: CA == TRUE !?)
[Wed Oct 16 09:33:22.286966 2024] [ssl:warn] [pid 14352:tid 372] AH01909: localhost:443:0 server certificate does NOT include an ID which matches the server name
[Wed Oct 16 09:37:50.816272 2024] [ssl:warn] [pid 18356:tid 336] AH01906: localhost:443:0 server certificate is a CA certificate (BasicConstraints: CA == TRUE !?)
[Wed Oct 16 09:37:50.816272 2024] [ssl:warn] [pid 18356:tid 336] AH01909: localhost:443:0 server certificate does NOT include an ID which matches the server name
[Wed Oct 16 09:37:50.905355 2024] [ssl:warn] [pid 18356:tid 336] AH01906: localhost:443:0 server certificate is a CA certificate (BasicConstraints: CA == TRUE !?)
[Wed Oct 16 09:37:50.905355 2024] [ssl:warn] [pid 18356:tid 336] AH01909: localhost:443:0 server certificate does NOT include an ID which matches the server name
[Wed Oct 16 09:37:51.644819 2024] [ssl:warn] [pid 13008:tid 348] AH01906: localhost:443:0 server certificate is a CA certificate (BasicConstraints: CA == TRUE !?)
[Wed Oct 16 09:37:51.644819 2024] [ssl:warn] [pid 13008:tid 348] AH01909: localhost:443:0 server certificate does NOT include an ID which matches the server name
[Wed Oct 16 09:37:51.749988 2024] [ssl:warn] [pid 13008:tid 348] AH01906: localhost:443:0 server certificate is a CA certificate (BasicConstraints: CA == TRUE !?)
[Wed Oct 16 09:37:51.749988 2024] [ssl:warn] [pid 13008:tid 348] AH01909: localhost:443:0 server certificate does NOT include an ID which matches the server name
[Wed Oct 16 09:46:33.940349 2024] [ssl:warn] [pid 1680:tid 352] AH01906: localhost:443:0 server certificate is a CA certificate (BasicConstraints: CA == TRUE !?)
[Wed Oct 16 09:46:33.940349 2024] [ssl:warn] [pid 1680:tid 352] AH01909: localhost:443:0 server certificate does NOT include an ID which matches the server name
[Wed Oct 16 09:46:34.010193 2024] [ssl:warn] [pid 1680:tid 352] AH01906: localhost:443:0 server certificate is a CA certificate (BasicConstraints: CA == TRUE !?)
[Wed Oct 16 09:46:34.010193 2024] [ssl:warn] [pid 1680:tid 352] AH01909: localhost:443:0 server certificate does NOT include an ID which matches the server name
[Wed Oct 16 09:46:34.703106 2024] [ssl:warn] [pid 9992:tid 344] AH01906: localhost:443:0 server certificate is a CA certificate (BasicConstraints: CA == TRUE !?)
[Wed Oct 16 09:46:34.703106 2024] [ssl:warn] [pid 9992:tid 344] AH01909: localhost:443:0 server certificate does NOT include an ID which matches the server name
[Wed Oct 16 09:46:34.780823 2024] [ssl:warn] [pid 9992:tid 344] AH01906: localhost:443:0 server certificate is a CA certificate (BasicConstraints: CA == TRUE !?)
[Wed Oct 16 09:46:34.780823 2024] [ssl:warn] [pid 9992:tid 344] AH01909: localhost:443:0 server certificate does NOT include an ID which matches the server name
[Wed Oct 16 10:15:16.088254 2024] [ssl:warn] [pid 9768:tid 344] AH01906: localhost:443:0 server certificate is a CA certificate (BasicConstraints: CA == TRUE !?)
[Wed Oct 16 10:15:16.089270 2024] [ssl:warn] [pid 9768:tid 344] AH01909: localhost:443:0 server certificate does NOT include an ID which matches the server name
[Wed Oct 16 10:15:16.169456 2024] [ssl:warn] [pid 9768:tid 344] AH01906: localhost:443:0 server certificate is a CA certificate (BasicConstraints: CA == TRUE !?)
[Wed Oct 16 10:15:16.169456 2024] [ssl:warn] [pid 9768:tid 344] AH01909: localhost:443:0 server certificate does NOT include an ID which matches the server name
[Wed Oct 16 10:15:16.797299 2024] [ssl:warn] [pid 15964:tid 348] AH01906: localhost:443:0 server certificate is a CA certificate (BasicConstraints: CA == TRUE !?)
[Wed Oct 16 10:15:16.797299 2024] [ssl:warn] [pid 15964:tid 348] AH01909: localhost:443:0 server certificate does NOT include an ID which matches the server name
[Wed Oct 16 10:15:16.865976 2024] [ssl:warn] [pid 15964:tid 348] AH01906: localhost:443:0 server certificate is a CA certificate (BasicConstraints: CA == TRUE !?)
[Wed Oct 16 10:15:16.865976 2024] [ssl:warn] [pid 15964:tid 348] AH01909: localhost:443:0 server certificate does NOT include an ID which matches the server name
[Wed Oct 16 10:20:50.294765 2024] [ssl:warn] [pid 18512:tid 332] AH01906: localhost:443:0 server certificate is a CA certificate (BasicConstraints: CA == TRUE !?)
[Wed Oct 16 10:20:50.294765 2024] [ssl:warn] [pid 18512:tid 332] AH01909: localhost:443:0 server certificate does NOT include an ID which matches the server name
[Wed Oct 16 10:20:50.381906 2024] [ssl:warn] [pid 18512:tid 332] AH01906: localhost:443:0 server certificate is a CA certificate (BasicConstraints: CA == TRUE !?)
[Wed Oct 16 10:20:50.381906 2024] [ssl:warn] [pid 18512:tid 332] AH01909: localhost:443:0 server certificate does NOT include an ID which matches the server name
[Wed Oct 16 10:20:51.018691 2024] [ssl:warn] [pid 15304:tid 348] AH01906: localhost:443:0 server certificate is a CA certificate (BasicConstraints: CA == TRUE !?)
[Wed Oct 16 10:20:51.018691 2024] [ssl:warn] [pid 15304:tid 348] AH01909: localhost:443:0 server certificate does NOT include an ID which matches the server name
[Wed Oct 16 10:20:51.133140 2024] [ssl:warn] [pid 15304:tid 348] AH01906: localhost:443:0 server certificate is a CA certificate (BasicConstraints: CA == TRUE !?)
[Wed Oct 16 10:20:51.133140 2024] [ssl:warn] [pid 15304:tid 348] AH01909: localhost:443:0 server certificate does NOT include an ID which matches the server name
[Wed Oct 16 10:24:07.454353 2024] [ssl:warn] [pid 17624:tid 328] AH01906: localhost:443:0 server certificate is a CA certificate (BasicConstraints: CA == TRUE !?)
[Wed Oct 16 10:24:07.454353 2024] [ssl:warn] [pid 17624:tid 328] AH01909: localhost:443:0 server certificate does NOT include an ID which matches the server name
[Wed Oct 16 10:24:07.545212 2024] [ssl:warn] [pid 17624:tid 328] AH01906: localhost:443:0 server certificate is a CA certificate (BasicConstraints: CA == TRUE !?)
[Wed Oct 16 10:24:07.545212 2024] [ssl:warn] [pid 17624:tid 328] AH01909: localhost:443:0 server certificate does NOT include an ID which matches the server name
[Wed Oct 16 10:24:08.322299 2024] [ssl:warn] [pid 1500:tid 368] AH01906: localhost:443:0 server certificate is a CA certificate (BasicConstraints: CA == TRUE !?)
[Wed Oct 16 10:24:08.322299 2024] [ssl:warn] [pid 1500:tid 368] AH01909: localhost:443:0 server certificate does NOT include an ID which matches the server name
[Wed Oct 16 10:24:08.398464 2024] [ssl:warn] [pid 1500:tid 368] AH01906: localhost:443:0 server certificate is a CA certificate (BasicConstraints: CA == TRUE !?)
[Wed Oct 16 10:24:08.398464 2024] [ssl:warn] [pid 1500:tid 368] AH01909: localhost:443:0 server certificate does NOT include an ID which matches the server name
[Fri Oct 18 13:28:52.074307 2024] [ssl:warn] [pid 8568:tid 356] AH01906: localhost:443:0 server certificate is a CA certificate (BasicConstraints: CA == TRUE !?)
[Fri Oct 18 13:28:52.074307 2024] [ssl:warn] [pid 8568:tid 356] AH01909: localhost:443:0 server certificate does NOT include an ID which matches the server name
[Fri Oct 18 13:28:52.137262 2024] [ssl:warn] [pid 8568:tid 356] AH01906: localhost:443:0 server certificate is a CA certificate (BasicConstraints: CA == TRUE !?)
[Fri Oct 18 13:28:52.137262 2024] [ssl:warn] [pid 8568:tid 356] AH01909: localhost:443:0 server certificate does NOT include an ID which matches the server name
[Fri Oct 18 13:28:52.711871 2024] [ssl:warn] [pid 23540:tid 364] AH01906: localhost:443:0 server certificate is a CA certificate (BasicConstraints: CA == TRUE !?)
[Fri Oct 18 13:28:52.711871 2024] [ssl:warn] [pid 23540:tid 364] AH01909: localhost:443:0 server certificate does NOT include an ID which matches the server name
[Fri Oct 18 13:28:52.762828 2024] [ssl:warn] [pid 23540:tid 364] AH01906: localhost:443:0 server certificate is a CA certificate (BasicConstraints: CA == TRUE !?)
[Fri Oct 18 13:28:52.762828 2024] [ssl:warn] [pid 23540:tid 364] AH01909: localhost:443:0 server certificate does NOT include an ID which matches the server name
[Fri Oct 18 13:47:53.608125 2024] [ssl:warn] [pid 23352:tid 328] AH01906: localhost:443:0 server certificate is a CA certificate (BasicConstraints: CA == TRUE !?)
[Fri Oct 18 13:47:53.608125 2024] [ssl:warn] [pid 23352:tid 328] AH01909: localhost:443:0 server certificate does NOT include an ID which matches the server name
[Fri Oct 18 13:47:53.665570 2024] [ssl:warn] [pid 23352:tid 328] AH01906: localhost:443:0 server certificate is a CA certificate (BasicConstraints: CA == TRUE !?)
[Fri Oct 18 13:47:53.665570 2024] [ssl:warn] [pid 23352:tid 328] AH01909: localhost:443:0 server certificate does NOT include an ID which matches the server name
[Fri Oct 18 13:47:54.133310 2024] [ssl:warn] [pid 18200:tid 344] AH01906: localhost:443:0 server certificate is a CA certificate (BasicConstraints: CA == TRUE !?)
[Fri Oct 18 13:47:54.133310 2024] [ssl:warn] [pid 18200:tid 344] AH01909: localhost:443:0 server certificate does NOT include an ID which matches the server name
[Fri Oct 18 13:47:54.176432 2024] [ssl:warn] [pid 18200:tid 344] AH01906: localhost:443:0 server certificate is a CA certificate (BasicConstraints: CA == TRUE !?)
[Fri Oct 18 13:47:54.176432 2024] [ssl:warn] [pid 18200:tid 344] AH01909: localhost:443:0 server certificate does NOT include an ID which matches the server name
[Fri Oct 18 13:48:57.166546 2024] [ssl:warn] [pid 8616:tid 332] AH01906: localhost:443:0 server certificate is a CA certificate (BasicConstraints: CA == TRUE !?)
[Fri Oct 18 13:48:57.166546 2024] [ssl:warn] [pid 8616:tid 332] AH01909: localhost:443:0 server certificate does NOT include an ID which matches the server name
[Fri Oct 18 13:48:57.227588 2024] [ssl:warn] [pid 8616:tid 332] AH01906: localhost:443:0 server certificate is a CA certificate (BasicConstraints: CA == TRUE !?)
[Fri Oct 18 13:48:57.228545 2024] [ssl:warn] [pid 8616:tid 332] AH01909: localhost:443:0 server certificate does NOT include an ID which matches the server name
[Fri Oct 18 13:48:57.720434 2024] [ssl:warn] [pid 10396:tid 212] AH01906: localhost:443:0 server certificate is a CA certificate (BasicConstraints: CA == TRUE !?)
[Fri Oct 18 13:48:57.720434 2024] [ssl:warn] [pid 10396:tid 212] AH01909: localhost:443:0 server certificate does NOT include an ID which matches the server name
[Fri Oct 18 13:48:57.767327 2024] [ssl:warn] [pid 10396:tid 212] AH01906: localhost:443:0 server certificate is a CA certificate (BasicConstraints: CA == TRUE !?)
[Fri Oct 18 13:48:57.767327 2024] [ssl:warn] [pid 10396:tid 212] AH01909: localhost:443:0 server certificate does NOT include an ID which matches the server name
[Fri Oct 18 14:04:52.945973 2024] [php:error] [pid 10396:tid 1304] [client ::1:65230] PHP Fatal error:  Maximum execution time of 30 seconds exceeded in C:\\Users\\ROEURN\\Development\\Projects\\PHP\\Bots\\telegram-bot\\backend\\app\\Controllers\\WebDecodeController.php on line 7, referer: https://localhost/backend/public/
[Fri Oct 18 14:04:52.945973 2024] [php:error] [pid 10396:tid 1252] [client ::1:65233] PHP Fatal error:  Maximum execution time of 30 seconds exceeded in C:\\Users\\ROEURN\\Development\\Projects\\PHP\\Bots\\telegram-bot\\backend\\app\\Controllers\\WebDecodeController.php on line 7, referer: https://localhost/backend/public/
[Fri Oct 18 14:04:52.945973 2024] [php:error] [pid 10396:tid 1248] [client ::1:65240] PHP Fatal error:  Maximum execution time of 30 seconds exceeded in C:\\Users\\ROEURN\\Development\\Projects\\PHP\\Bots\\telegram-bot\\backend\\app\\Controllers\\WebDecodeController.php on line 7, referer: https://localhost/backend/public/
[Fri Oct 18 14:04:52.946973 2024] [php:error] [pid 10396:tid 1244] [client ::1:65244] PHP Fatal error:  Maximum execution time of 30 seconds exceeded in C:\\Users\\ROEURN\\Development\\Projects\\PHP\\Bots\\telegram-bot\\backend\\app\\Controllers\\WebDecodeController.php on line 7, referer: https://localhost/backend/public/
