::1 - - [22/Sep/2024:13:41:31 +0700] "GET /backend/public/ HTTP/1.1" 200 5959
::1 - - [22/Sep/2024:13:41:32 +0700] "HEAD /backend/public/ HTTP/1.1" 200 -
::1 - - [22/Sep/2024:13:41:33 +0700] "POST /backend/app/Commands/debarcoder.php HTTP/1.1" 302 232
::1 - - [22/Sep/2024:13:41:40 +0700] "GET /backend/public/views/decode_view.php HTTP/1.1" 200 6222
::1 - - [22/Sep/2024:13:41:40 +0700] "GET /backend/storage/app/public/images/decoded/qrcode.png HTTP/1.1" 200 1671
::1 - - [22/Sep/2024:13:41:40 +0700] "GET /backend/storage/app/public/images/decoded/qr-code-sample-text-thank-you-your-purchase-sample-qr-code-icon-text-thank-you-your-purchase-157511323.jpg HTTP/1.1" 200 116712
::1 - - [22/Sep/2024:13:41:40 +0700] "GET /backend/storage/app/public/images/decoded/roeurn_lv.jpg HTTP/1.1" 200 28226
::1 - - [22/Sep/2024:13:41:40 +0700] "HEAD /backend/public/views/decode_view.php HTTP/1.1" 200 -
::1 - - [22/Sep/2024:13:41:49 +0700] "GET /backend/public/ HTTP/1.1" 200 5959
::1 - - [22/Sep/2024:13:41:50 +0700] "HEAD /backend/public/ HTTP/1.1" 200 -
::1 - - [22/Sep/2024:13:55:32 +0700] "POST /backend/app/Commands/debarcoder.php HTTP/1.1" 302 234
::1 - - [22/Sep/2024:13:55:46 +0700] "GET /backend/public/views/decode_view.php HTTP/1.1" 200 6234
::1 - - [22/Sep/2024:13:55:46 +0700] "GET /backend/storage/app/public/images/decoded/qrcode-1.png HTTP/1.1" 200 1671
::1 - - [22/Sep/2024:13:55:46 +0700] "GET /backend/storage/app/public/images/decoded/qr-code-sample-text-thank-you-your-purchase-sample-qr-code-icon-text-thank-you-your-purchase-157511323-1.jpg HTTP/1.1" 200 116712
::1 - - [22/Sep/2024:13:55:46 +0700] "GET /backend/storage/app/public/images/decoded/roeurn_lv-1.jpg HTTP/1.1" 200 28226
::1 - - [22/Sep/2024:13:55:47 +0700] "HEAD /backend/public/views/decode_view.php HTTP/1.1" 200 -
::1 - - [22/Sep/2024:13:58:49 +0700] "GET /backend/public/ HTTP/1.1" 200 5959
::1 - - [22/Sep/2024:13:58:50 +0700] "HEAD /backend/public/ HTTP/1.1" 200 -
::1 - - [22/Sep/2024:13:58:51 +0700] "POST /backend/app/Commands/debarcoder.php HTTP/1.1" 302 234
::1 - - [22/Sep/2024:13:59:09 +0700] "GET /backend/public/views/decode_view.php HTTP/1.1" 200 6234
::1 - - [22/Sep/2024:13:59:09 +0700] "GET /backend/storage/app/public/images/decoded/qrcode-2.png HTTP/1.1" 200 1671
::1 - - [22/Sep/2024:13:59:09 +0700] "GET /backend/storage/app/public/images/decoded/qr-code-sample-text-thank-you-your-purchase-sample-qr-code-icon-text-thank-you-your-purchase-157511323-2.jpg HTTP/1.1" 200 116712
::1 - - [22/Sep/2024:13:59:10 +0700] "GET /backend/storage/app/public/images/decoded/roeurn_lv-2.jpg HTTP/1.1" 200 28226
::1 - - [22/Sep/2024:13:59:10 +0700] "HEAD /backend/public/views/decode_view.php HTTP/1.1" 200 -
::1 - - [22/Sep/2024:14:01:27 +0700] "GET /backend/public/ HTTP/1.1" 200 5959
::1 - - [22/Sep/2024:14:01:28 +0700] "HEAD /backend/public/ HTTP/1.1" 200 -
::1 - - [22/Sep/2024:14:01:29 +0700] "POST /backend/app/Commands/debarcoder.php HTTP/1.1" 302 234
::1 - - [22/Sep/2024:14:01:40 +0700] "GET /backend/public/views/decode_view.php HTTP/1.1" 200 6234
::1 - - [22/Sep/2024:14:01:40 +0700] "GET /backend/storage/app/public/images/decoded/qrcode-3.png HTTP/1.1" 200 1671
::1 - - [22/Sep/2024:14:01:40 +0700] "GET /backend/storage/app/public/images/decoded/qr-code-sample-text-thank-you-your-purchase-sample-qr-code-icon-text-thank-you-your-purchase-157511323-3.jpg HTTP/1.1" 200 116712
::1 - - [22/Sep/2024:14:01:40 +0700] "GET /backend/storage/app/public/images/decoded/roeurn_lv-3.jpg HTTP/1.1" 200 28226
::1 - - [22/Sep/2024:14:01:40 +0700] "HEAD /backend/public/views/decode_view.php HTTP/1.1" 200 -
::1 - - [22/Sep/2024:14:03:26 +0700] "GET /backend/public/ HTTP/1.1" 200 5959
::1 - - [22/Sep/2024:14:03:27 +0700] "HEAD /backend/public/ HTTP/1.1" 200 -
::1 - - [22/Sep/2024:14:03:27 +0700] "POST /backend/app/Commands/debarcoder.php HTTP/1.1" 302 234
::1 - - [22/Sep/2024:14:03:36 +0700] "GET /backend/public/views/decode_view.php HTTP/1.1" 200 6234
::1 - - [22/Sep/2024:14:03:36 +0700] "GET /backend/storage/app/public/images/decoded/qrcode-4.png HTTP/1.1" 200 1671
::1 - - [22/Sep/2024:14:03:36 +0700] "GET /backend/storage/app/public/images/decoded/qr-code-sample-text-thank-you-your-purchase-sample-qr-code-icon-text-thank-you-your-purchase-157511323-4.jpg HTTP/1.1" 200 116712
::1 - - [22/Sep/2024:14:03:36 +0700] "GET /backend/storage/app/public/images/decoded/roeurn_lv-4.jpg HTTP/1.1" 200 28226
::1 - - [22/Sep/2024:14:03:37 +0700] "HEAD /backend/public/views/decode_view.php HTTP/1.1" 200 -
::1 - - [22/Sep/2024:14:07:24 +0700] "GET /backend/public/ HTTP/1.1" 200 5959
::1 - - [22/Sep/2024:14:07:26 +0700] "HEAD /backend/public/ HTTP/1.1" 200 -
::1 - - [22/Sep/2024:14:07:26 +0700] "POST /backend/app/Commands/debarcoder.php HTTP/1.1" 404 196
::1 - - [22/Sep/2024:14:07:27 +0700] "HEAD /backend/app/Commands/debarcoder.php HTTP/1.1" 404 -
::1 - - [22/Sep/2024:14:07:31 +0700] "GET /backend/public/ HTTP/1.1" 200 5959
::1 - - [22/Sep/2024:14:07:31 +0700] "HEAD /backend/public/ HTTP/1.1" 200 -
::1 - - [22/Sep/2024:14:07:34 +0700] "POST /backend/app/Commands/debarcoder.php HTTP/1.1" 404 196
::1 - - [22/Sep/2024:14:07:35 +0700] "HEAD /backend/app/Commands/debarcoder.php HTTP/1.1" 404 -
::1 - - [22/Sep/2024:14:08:39 +0700] "GET /backend/public/ HTTP/1.1" 200 5959
::1 - - [22/Sep/2024:14:08:40 +0700] "HEAD /backend/public/ HTTP/1.1" 200 -
::1 - - [22/Sep/2024:14:08:40 +0700] "POST /backend/app/Commands/debarcoder.php HTTP/1.1" 404 196
::1 - - [22/Sep/2024:14:08:41 +0700] "HEAD /backend/app/Commands/debarcoder.php HTTP/1.1" 404 -
::1 - - [22/Sep/2024:14:08:42 +0700] "GET /backend/public/ HTTP/1.1" 200 5959
::1 - - [22/Sep/2024:14:08:43 +0700] "HEAD /backend/public/ HTTP/1.1" 200 -
::1 - - [22/Sep/2024:14:09:58 +0700] "POST /backend/app/Commands/debarcoder.php HTTP/1.1" 404 196
::1 - - [22/Sep/2024:14:09:59 +0700] "HEAD /backend/app/Commands/debarcoder.php HTTP/1.1" 404 -
::1 - - [22/Sep/2024:14:10:01 +0700] "GET /backend/public/ HTTP/1.1" 200 5966
::1 - - [22/Sep/2024:14:10:02 +0700] "HEAD /backend/public/ HTTP/1.1" 200 -
::1 - - [22/Sep/2024:14:13:21 +0700] "GET /backend/ HTTP/1.1" 200 876
::1 - - [22/Sep/2024:14:13:22 +0700] "HEAD /backend/ HTTP/1.1" 200 -
::1 - - [22/Sep/2024:14:13:25 +0700] "GET /backend/public/ HTTP/1.1" 200 5966
::1 - - [22/Sep/2024:14:13:25 +0700] "HEAD /backend/public/ HTTP/1.1" 200 -
::1 - - [22/Sep/2024:14:13:31 +0700] "POST /backend/app/Commands/decode/debarcoder.php HTTP/1.1" 302 162
::1 - - [22/Sep/2024:14:13:40 +0700] "GET /backend/public/views/decode_view.php HTTP/1.1" 200 6234
::1 - - [22/Sep/2024:14:13:40 +0700] "GET /backend/storage/app/public/images/decoded/qrcode-5.png HTTP/1.1" 200 1671
::1 - - [22/Sep/2024:14:13:40 +0700] "GET /backend/storage/app/public/images/decoded/qr-code-sample-text-thank-you-your-purchase-sample-qr-code-icon-text-thank-you-your-purchase-157511323-5.jpg HTTP/1.1" 200 116712
::1 - - [22/Sep/2024:14:13:40 +0700] "GET /backend/storage/app/public/images/decoded/roeurn_lv-5.jpg HTTP/1.1" 200 28226
::1 - - [22/Sep/2024:14:13:40 +0700] "HEAD /backend/public/views/decode_view.php HTTP/1.1" 200 -
::1 - - [22/Sep/2024:14:49:38 +0700] "GET /backend/public/ HTTP/1.1" 200 5966
::1 - - [22/Sep/2024:14:49:40 +0700] "HEAD /backend/public/ HTTP/1.1" 200 -
::1 - - [22/Sep/2024:14:49:40 +0700] "POST /backend/app/Commands/decode/debarcoder.php HTTP/1.1" 200 830
::1 - - [22/Sep/2024:14:49:41 +0700] "HEAD /backend/app/Commands/decode/debarcoder.php HTTP/1.1" 200 -
::1 - - [22/Sep/2024:14:51:44 +0700] "GET /backend/public/ HTTP/1.1" 200 5966
::1 - - [22/Sep/2024:14:51:45 +0700] "HEAD /backend/public/ HTTP/1.1" 200 -
::1 - - [22/Sep/2024:14:51:46 +0700] "POST /backend/app/Commands/decode/debarcoder.php HTTP/1.1" 200 830
::1 - - [22/Sep/2024:14:51:47 +0700] "HEAD /backend/app/Commands/decode/debarcoder.php HTTP/1.1" 200 -
::1 - - [22/Sep/2024:14:52:45 +0700] "GET /backend/public/ HTTP/1.1" 200 5966
::1 - - [22/Sep/2024:14:52:46 +0700] "HEAD /backend/public/ HTTP/1.1" 200 -
::1 - - [22/Sep/2024:14:52:49 +0700] "POST /backend/app/Commands/decode/debarcoder.php HTTP/1.1" 200 373
::1 - - [22/Sep/2024:14:52:50 +0700] "HEAD /backend/app/Commands/decode/debarcoder.php HTTP/1.1" 200 -
::1 - - [22/Sep/2024:15:06:21 +0700] "GET /backend/public/ HTTP/1.1" 200 5966
::1 - - [22/Sep/2024:15:06:23 +0700] "HEAD /backend/public/ HTTP/1.1" 200 -
::1 - - [22/Sep/2024:15:06:24 +0700] "POST /backend/app/Commands/decode/debarcoder.php HTTP/1.1" 302 162
::1 - - [22/Sep/2024:15:06:33 +0700] "GET /backend/public/views/decode_view.php HTTP/1.1" 200 6234
::1 - - [22/Sep/2024:15:06:33 +0700] "GET /backend/storage/app/public/images/decoded/qrcode-7.png HTTP/1.1" 200 1671
::1 - - [22/Sep/2024:15:06:33 +0700] "GET /backend/storage/app/public/images/decoded/qr-code-sample-text-thank-you-your-purchase-sample-qr-code-icon-text-thank-you-your-purchase-157511323-6.jpg HTTP/1.1" 200 116712
::1 - - [22/Sep/2024:15:06:33 +0700] "GET /backend/storage/app/public/images/decoded/roeurn_lv-6.jpg HTTP/1.1" 200 28226
::1 - - [22/Sep/2024:15:06:34 +0700] "HEAD /backend/public/views/decode_view.php HTTP/1.1" 200 -
::1 - - [22/Sep/2024:15:19:11 +0700] "GET /backend/public/ HTTP/1.1" 200 5966
::1 - - [22/Sep/2024:15:19:13 +0700] "HEAD /backend/public/ HTTP/1.1" 200 -
::1 - - [22/Sep/2024:15:19:13 +0700] "POST /backend/app/Commands/decode/debarcoder.php HTTP/1.1" 302 162
::1 - - [22/Sep/2024:15:19:20 +0700] "GET /backend/public/views/decode_view.php HTTP/1.1" 200 6234
::1 - - [22/Sep/2024:15:19:20 +0700] "GET /backend/storage/app/public/images/decoded/qrcode-8.png HTTP/1.1" 200 1671
::1 - - [22/Sep/2024:15:19:20 +0700] "GET /backend/storage/app/public/images/decoded/qr-code-sample-text-thank-you-your-purchase-sample-qr-code-icon-text-thank-you-your-purchase-157511323-7.jpg HTTP/1.1" 200 116712
::1 - - [22/Sep/2024:15:19:20 +0700] "GET /backend/storage/app/public/images/decoded/roeurn_lv-7.jpg HTTP/1.1" 200 28226
::1 - - [22/Sep/2024:15:19:20 +0700] "HEAD /backend/public/views/decode_view.php HTTP/1.1" 200 -
::1 - - [22/Sep/2024:16:12:16 +0700] "GET /backend/public/ HTTP/1.1" 200 5966
::1 - - [22/Sep/2024:16:12:18 +0700] "HEAD /backend/public/ HTTP/1.1" 200 -
::1 - - [22/Sep/2024:16:12:18 +0700] "GET /backend/ HTTP/1.1" 200 968
::1 - - [22/Sep/2024:16:12:19 +0700] "HEAD /backend/ HTTP/1.1" 200 -
::1 - - [22/Sep/2024:16:12:20 +0700] "GET /backend/public/ HTTP/1.1" 200 5966
::1 - - [22/Sep/2024:16:12:21 +0700] "HEAD /backend/public/ HTTP/1.1" 200 -
::1 - - [22/Sep/2024:16:12:48 +0700] "GET /backend/public/ HTTP/1.1" 200 5966
::1 - - [22/Sep/2024:16:12:49 +0700] "HEAD /backend/public/ HTTP/1.1" 200 -
::1 - - [22/Sep/2024:16:12:56 +0700] "GET /backend/public/ HTTP/1.1" 200 5966
::1 - - [22/Sep/2024:16:12:57 +0700] "HEAD /backend/public/ HTTP/1.1" 200 -
::1 - - [22/Sep/2024:16:13:11 +0700] "GET / HTTP/1.1" 200 339
::1 - - [22/Sep/2024:16:13:12 +0700] "HEAD / HTTP/1.1" 200 -
::1 - - [22/Sep/2024:16:13:13 +0700] "GET /frontend/ HTTP/1.1" 200 712
::1 - - [22/Sep/2024:16:13:14 +0700] "HEAD /frontend/ HTTP/1.1" 200 -
::1 - - [22/Sep/2024:16:13:15 +0700] "GET /frontend/public/ HTTP/1.1" 200 5966
::1 - - [22/Sep/2024:16:13:15 +0700] "GET /frontend/public/css/main.css HTTP/1.1" 200 11908
::1 - - [22/Sep/2024:16:13:16 +0700] "HEAD /frontend/public/ HTTP/1.1" 200 -
::1 - - [22/Sep/2024:16:16:37 +0700] "GET /frontend/public/ HTTP/1.1" 200 5246
::1 - - [22/Sep/2024:16:16:38 +0700] "HEAD /frontend/public/ HTTP/1.1" 200 -
::1 - - [22/Sep/2024:16:16:45 +0700] "POST /frontend/public/ HTTP/1.1" 200 5246
::1 - - [22/Sep/2024:16:16:46 +0700] "HEAD /frontend/public/ HTTP/1.1" 200 -
::1 - - [22/Sep/2024:16:18:03 +0700] "POST /frontend/public/ HTTP/1.1" 200 2115
::1 - - [22/Sep/2024:16:18:04 +0700] "HEAD /frontend/public/ HTTP/1.1" 200 -
::1 - - [22/Sep/2024:16:18:06 +0700] "POST /frontend/public/ HTTP/1.1" 200 2115
::1 - - [22/Sep/2024:16:18:07 +0700] "HEAD /frontend/public/ HTTP/1.1" 200 -
::1 - - [22/Sep/2024:16:18:08 +0700] "POST /frontend/public/ HTTP/1.1" 200 2115
::1 - - [22/Sep/2024:16:18:09 +0700] "HEAD /frontend/public/ HTTP/1.1" 200 -
::1 - - [22/Sep/2024:16:19:01 +0700] "POST /frontend/public/ HTTP/1.1" 200 1634
::1 - - [22/Sep/2024:16:19:02 +0700] "HEAD /frontend/public/ HTTP/1.1" 200 -
::1 - - [22/Sep/2024:16:20:36 +0700] "POST /frontend/public/ HTTP/1.1" 200 1844
::1 - - [22/Sep/2024:16:20:36 +0700] "GET /frontend/public/css/main.css HTTP/1.1" 200 11908
::1 - - [22/Sep/2024:16:20:37 +0700] "HEAD /frontend/public/ HTTP/1.1" 200 -
::1 - - [22/Sep/2024:16:20:43 +0700] "POST /frontend/public/ HTTP/1.1" 200 1844
::1 - - [22/Sep/2024:16:20:43 +0700] "GET /frontend/public/css/main.css HTTP/1.1" 200 11908
::1 - - [22/Sep/2024:16:20:46 +0700] "HEAD /frontend/public/ HTTP/1.1" 200 -
::1 - - [22/Sep/2024:16:20:46 +0700] "POST /frontend/public/ HTTP/1.1" 200 1844
::1 - - [22/Sep/2024:16:20:47 +0700] "HEAD /frontend/public/ HTTP/1.1" 200 -
::1 - - [22/Sep/2024:16:20:49 +0700] "POST /frontend/public/ HTTP/1.1" 200 1844
::1 - - [22/Sep/2024:16:20:50 +0700] "HEAD /frontend/public/ HTTP/1.1" 200 -
::1 - - [22/Sep/2024:16:21:21 +0700] "POST /frontend/public/ HTTP/1.1" 200 1351
::1 - - [22/Sep/2024:16:21:21 +0700] "GET /frontend/public/css/main.css HTTP/1.1" 200 11908
::1 - - [22/Sep/2024:16:21:23 +0700] "HEAD /frontend/public/ HTTP/1.1" 200 -
::1 - - [22/Sep/2024:16:22:53 +0700] "POST /frontend/public/ HTTP/1.1" 200 1846
::1 - - [22/Sep/2024:16:22:53 +0700] "HEAD /frontend/public/ HTTP/1.1" 200 -
::1 - - [22/Sep/2024:16:24:41 +0700] "POST /frontend/public/ HTTP/1.1" 200 1764
::1 - - [22/Sep/2024:16:24:41 +0700] "GET /frontend/public/css/main.css HTTP/1.1" 200 11908
::1 - - [22/Sep/2024:16:24:42 +0700] "HEAD /frontend/public/ HTTP/1.1" 200 -
::1 - - [22/Sep/2024:16:25:26 +0700] "POST /frontend/public/ HTTP/1.1" 200 1872
::1 - - [22/Sep/2024:16:25:26 +0700] "GET /frontend/public/css/main.css HTTP/1.1" 200 11908
::1 - - [22/Sep/2024:16:25:27 +0700] "HEAD /frontend/public/ HTTP/1.1" 200 -
::1 - - [22/Sep/2024:16:25:40 +0700] "POST /frontend/public/ HTTP/1.1" 200 1872
::1 - - [22/Sep/2024:16:25:41 +0700] "HEAD /frontend/public/ HTTP/1.1" 200 -
::1 - - [22/Sep/2024:16:26:47 +0700] "POST /frontend/public/ HTTP/1.1" 200 1872
::1 - - [22/Sep/2024:16:26:48 +0700] "HEAD /frontend/public/ HTTP/1.1" 200 -
::1 - - [22/Sep/2024:16:27:00 +0700] "GET / HTTP/1.1" 200 339
::1 - - [22/Sep/2024:16:27:01 +0700] "HEAD / HTTP/1.1" 200 -
::1 - - [22/Sep/2024:16:27:02 +0700] "GET /backend/ HTTP/1.1" 200 968
::1 - - [22/Sep/2024:16:27:03 +0700] "HEAD /backend/ HTTP/1.1" 200 -
::1 - - [22/Sep/2024:16:27:05 +0700] "GET /backend/public/ HTTP/1.1" 200 5966
::1 - - [22/Sep/2024:16:27:06 +0700] "HEAD /backend/public/ HTTP/1.1" 200 -
::1 - - [22/Sep/2024:16:27:29 +0700] "GET /backend/public/Commands/decoder.php?img=https%3A%2F%2Fthumbs.dreamstime.com%2Fz%2Fqr-code-sample-text-thank-you-your-purchase-sample-qr-code-icon-text-thank-you-your-purchase-157511323.jpg HTTP/1.1" 404 196
::1 - - [22/Sep/2024:16:27:29 +0700] "HEAD /backend/public/Commands/decoder.php?img=https%3A%2F%2Fthumbs.dreamstime.com%2Fz%2Fqr-code-sample-text-thank-you-your-purchase-sample-qr-code-icon-text-thank-you-your-purchase-157511323.jpg HTTP/1.1" 404 -
::1 - - [22/Sep/2024:16:27:31 +0700] "GET /backend/public/ HTTP/1.1" 200 5966
::1 - - [22/Sep/2024:16:27:31 +0700] "HEAD /backend/public/ HTTP/1.1" 200 -
::1 - - [22/Sep/2024:16:27:35 +0700] "GET /backend/public/Commands/DataCollection.php?route=data_collection HTTP/1.1" 404 196
::1 - - [22/Sep/2024:16:27:35 +0700] "HEAD /backend/public/Commands/DataCollection.php?route=data_collection HTTP/1.1" 404 -
::1 - - [22/Sep/2024:16:27:36 +0700] "GET /backend/public/ HTTP/1.1" 200 5966
::1 - - [22/Sep/2024:16:27:37 +0700] "HEAD /backend/public/ HTTP/1.1" 200 -
