<<<<<<< HEAD
::1 - - [22/Oct/2024:21:42:39 +0700] "GET / HTTP/1.1" 200 721
::1 - - [22/Oct/2024:21:42:39 +0700] "GET /favicon.ico HTTP/1.1" 404 196
::1 - - [22/Oct/2024:21:42:42 +0700] "GET /app/ HTTP/1.1" 200 554
::1 - - [22/Oct/2024:21:42:46 +0700] "GET /index.php HTTP/1.1" 200 32853
::1 - - [23/Oct/2024:09:13:18 +0700] "GET / HTTP/1.1" 200 1326
::1 - - [23/Oct/2024:09:13:29 +0700] "GET / HTTP/1.1" 200 1326
::1 - - [23/Oct/2024:09:14:01 +0700] "GET /favicon.ico HTTP/1.1" 404 196
::1 - - [23/Oct/2024:09:14:25 +0700] "GET / HTTP/1.1" 200 1326
::1 - - [23/Oct/2024:09:14:34 +0700] "GET / HTTP/1.1" 200 1326
::1 - - [23/Oct/2024:09:15:25 +0700] "GET / HTTP/1.1" 200 5692
::1 - - [23/Oct/2024:09:17:39 +0700] "GET / HTTP/1.1" 200 1490
::1 - - [23/Oct/2024:09:20:35 +0700] "GET / HTTP/1.1" 200 1490
=======
::1 - - [23/Oct/2024:08:29:37 +0700] "GET / HTTP/1.1" 200 721
::1 - - [23/Oct/2024:08:29:37 +0700] "GET /favicon.ico HTTP/1.1" 404 196
::1 - - [23/Oct/2024:08:34:18 +0700] "GET /index.php HTTP/1.1" 200 52
>>>>>>> 7a31d02685dba72a74e9088ecca6380c54d12edc
::1 - - [23/Oct/2024:09:33:15 +0700] "GET / HTTP/1.1" 200 -
::1 - - [23/Oct/2024:09:33:41 +0700] "GET / HTTP/1.1" 200 677
::1 - - [23/Oct/2024:09:33:47 +0700] "GET /app/ HTTP/1.1" 200 554
::1 - - [23/Oct/2024:09:33:49 +0700] "GET /app/Localization/ HTTP/1.1" 200 334
::1 - - [23/Oct/2024:09:33:52 +0700] "GET /app/Config/ HTTP/1.1" 200 412
::1 - - [23/Oct/2024:09:33:57 +0700] "GET /app/Handlers/ HTTP/1.1" 200 294
::1 - - [23/Oct/2024:09:33:58 +0700] "GET /app/Handlers/ComandHandlers.php HTTP/1.1" 200 9692
::1 - - [23/Oct/2024:09:35:51 +0700] "GET /app/Handlers/ComandHandlers.php HTTP/1.1" 200 1403
::1 - - [23/Oct/2024:10:33:26 +0700] "GET /app/Handlers/ HTTP/1.1" 200 294
::1 - - [23/Oct/2024:11:09:30 +0700] "GET /app/Handlers/ HTTP/1.1" 200 294
::1 - - [23/Oct/2024:11:15:32 +0700] "GET /app/ HTTP/1.1" 200 512
::1 - - [23/Oct/2024:11:15:34 +0700] "GET /app/Handlers/ HTTP/1.1" 200 294
::1 - - [23/Oct/2024:11:35:17 +0700] "GET /app/ HTTP/1.1" 200 512
::1 - - [23/Oct/2024:11:35:18 +0700] "GET /app/Handlers/ HTTP/1.1" 200 294
::1 - - [23/Oct/2024:11:52:41 +0700] "GET /app/ HTTP/1.1" 200 512
::1 - - [23/Oct/2024:11:52:42 +0700] "GET /app/Handlers/ HTTP/1.1" 200 294
