[Mon Oct 28 15:21:26.160337 2024] [ssl:warn] [pid 25488:tid 348] AH01906: localhost:443:0 server certificate is a CA certificate (BasicConstraints: CA == TRUE !?)
[Mon Oct 28 15:21:26.160337 2024] [ssl:warn] [pid 25488:tid 348] AH01909: localhost:443:0 server certificate does NOT include an ID which matches the server name
[Mon Oct 28 15:21:26.312654 2024] [ssl:warn] [pid 25488:tid 348] AH01906: localhost:443:0 server certificate is a CA certificate (BasicConstraints: CA == TRUE !?)
[Mon Oct 28 15:21:26.312654 2024] [ssl:warn] [pid 25488:tid 348] AH01909: localhost:443:0 server certificate does NOT include an ID which matches the server name
[Mon Oct 28 15:21:27.347104 2024] [ssl:warn] [pid 22792:tid 348] AH01906: localhost:443:0 server certificate is a CA certificate (BasicConstraints: CA == TRUE !?)
[Mon Oct 28 15:21:27.347104 2024] [ssl:warn] [pid 22792:tid 348] AH01909: localhost:443:0 server certificate does NOT include an ID which matches the server name
[Mon Oct 28 15:21:27.486981 2024] [ssl:warn] [pid 22792:tid 348] AH01906: localhost:443:0 server certificate is a CA certificate (BasicConstraints: CA == TRUE !?)
[Mon Oct 28 15:21:27.486981 2024] [ssl:warn] [pid 22792:tid 348] AH01909: localhost:443:0 server certificate does NOT include an ID which matches the server name
[Mon Oct 28 15:36:02.286367 2024] [ssl:warn] [pid 19436:tid 328] AH01906: localhost:443:0 server certificate is a CA certificate (BasicConstraints: CA == TRUE !?)
[Mon Oct 28 15:36:02.286367 2024] [ssl:warn] [pid 19436:tid 328] AH01909: localhost:443:0 server certificate does NOT include an ID which matches the server name
[Mon Oct 28 15:36:02.414903 2024] [ssl:warn] [pid 19436:tid 328] AH01906: localhost:443:0 server certificate is a CA certificate (BasicConstraints: CA == TRUE !?)
[Mon Oct 28 15:36:02.414903 2024] [ssl:warn] [pid 19436:tid 328] AH01909: localhost:443:0 server certificate does NOT include an ID which matches the server name
[Mon Oct 28 15:36:03.682020 2024] [ssl:warn] [pid 22956:tid 344] AH01906: localhost:443:0 server certificate is a CA certificate (BasicConstraints: CA == TRUE !?)
[Mon Oct 28 15:36:03.682020 2024] [ssl:warn] [pid 22956:tid 344] AH01909: localhost:443:0 server certificate does NOT include an ID which matches the server name
[Mon Oct 28 15:36:03.843311 2024] [ssl:warn] [pid 22956:tid 344] AH01906: localhost:443:0 server certificate is a CA certificate (BasicConstraints: CA == TRUE !?)
[Mon Oct 28 15:36:03.843311 2024] [ssl:warn] [pid 22956:tid 344] AH01909: localhost:443:0 server certificate does NOT include an ID which matches the server name
[Mon Oct 28 15:37:16.108612 2024] [php:warn] [pid 22956:tid 1308] [client ::1:60948] PHP Warning:  Undefined array key "contact" in C:\\Users\\ROEURN\\Development\\Projects\\PHP\\Bots\\telegram-bot\\app\\Handlers\\ComandHandlers.php on line 27, referer: https://localhost/
[Mon Oct 28 15:37:16.108612 2024] [php:warn] [pid 22956:tid 1308] [client ::1:60948] PHP Warning:  Trying to access array offset on null in C:\\Users\\ROEURN\\Development\\Projects\\PHP\\Bots\\telegram-bot\\app\\Handlers\\ComandHandlers.php on line 27, referer: https://localhost/
[Mon Oct 28 15:37:20.924807 2024] [php:warn] [pid 22956:tid 1308] [client ::1:60948] PHP Warning:  Undefined array key "contact" in C:\\Users\\ROEURN\\Development\\Projects\\PHP\\Bots\\telegram-bot\\app\\Handlers\\ComandHandlers.php on line 27, referer: https://localhost/
[Mon Oct 28 15:37:20.924807 2024] [php:warn] [pid 22956:tid 1308] [client ::1:60948] PHP Warning:  Trying to access array offset on null in C:\\Users\\ROEURN\\Development\\Projects\\PHP\\Bots\\telegram-bot\\app\\Handlers\\ComandHandlers.php on line 27, referer: https://localhost/
[Mon Oct 28 15:37:33.394848 2024] [php:warn] [pid 22956:tid 1308] [client ::1:60948] PHP Warning:  Undefined array key "contact" in C:\\Users\\ROEURN\\Development\\Projects\\PHP\\Bots\\telegram-bot\\app\\Handlers\\ComandHandlers.php on line 27, referer: https://localhost/
[Mon Oct 28 15:37:33.394848 2024] [php:warn] [pid 22956:tid 1308] [client ::1:60948] PHP Warning:  Trying to access array offset on null in C:\\Users\\ROEURN\\Development\\Projects\\PHP\\Bots\\telegram-bot\\app\\Handlers\\ComandHandlers.php on line 27, referer: https://localhost/
[Mon Oct 28 15:37:35.229818 2024] [php:warn] [pid 22956:tid 1308] [client ::1:60948] PHP Warning:  Undefined array key "currentCommand" in C:\\Users\\ROEURN\\Development\\Projects\\PHP\\Bots\\telegram-bot\\app\\Handlers\\ComandHandlers.php on line 323, referer: https://localhost/
[Mon Oct 28 15:37:35.229818 2024] [php:warn] [pid 22956:tid 1308] [client ::1:60948] PHP Warning:  Trying to access array offset on null in C:\\Users\\ROEURN\\Development\\Projects\\PHP\\Bots\\telegram-bot\\app\\Handlers\\ComandHandlers.php on line 323, referer: https://localhost/
[Mon Oct 28 15:37:35.229818 2024] [php:warn] [pid 22956:tid 1308] [client ::1:60948] PHP Warning:  Undefined array key "currentCommand" in C:\\Users\\ROEURN\\Development\\Projects\\PHP\\Bots\\telegram-bot\\app\\Handlers\\ComandHandlers.php on line 358, referer: https://localhost/
[Mon Oct 28 15:37:35.229818 2024] [php:warn] [pid 22956:tid 1308] [client ::1:60948] PHP Warning:  Trying to access array offset on null in C:\\Users\\ROEURN\\Development\\Projects\\PHP\\Bots\\telegram-bot\\app\\Handlers\\ComandHandlers.php on line 358, referer: https://localhost/
[Mon Oct 28 15:37:35.229818 2024] [php:warn] [pid 22956:tid 1308] [client ::1:60948] PHP Warning:  Undefined array key "currentCommand" in C:\\Users\\ROEURN\\Development\\Projects\\PHP\\Bots\\telegram-bot\\app\\Handlers\\ComandHandlers.php on line 407, referer: https://localhost/
[Mon Oct 28 15:37:35.229818 2024] [php:warn] [pid 22956:tid 1308] [client ::1:60948] PHP Warning:  Trying to access array offset on null in C:\\Users\\ROEURN\\Development\\Projects\\PHP\\Bots\\telegram-bot\\app\\Handlers\\ComandHandlers.php on line 407, referer: https://localhost/
[Mon Oct 28 15:37:46.521016 2024] [php:warn] [pid 22956:tid 1308] [client ::1:60948] PHP Warning:  Undefined array key "contact" in C:\\Users\\ROEURN\\Development\\Projects\\PHP\\Bots\\telegram-bot\\app\\Handlers\\ComandHandlers.php on line 27, referer: https://localhost/
[Mon Oct 28 15:37:46.521016 2024] [php:warn] [pid 22956:tid 1308] [client ::1:60948] PHP Warning:  Trying to access array offset on null in C:\\Users\\ROEURN\\Development\\Projects\\PHP\\Bots\\telegram-bot\\app\\Handlers\\ComandHandlers.php on line 27, referer: https://localhost/
[Mon Oct 28 15:37:48.414684 2024] [php:warn] [pid 22956:tid 1308] [client ::1:60948] PHP Warning:  Undefined array key "currentCommand" in C:\\Users\\ROEURN\\Development\\Projects\\PHP\\Bots\\telegram-bot\\app\\Handlers\\ComandHandlers.php on line 323, referer: https://localhost/
[Mon Oct 28 15:37:48.414684 2024] [php:warn] [pid 22956:tid 1308] [client ::1:60948] PHP Warning:  Trying to access array offset on null in C:\\Users\\ROEURN\\Development\\Projects\\PHP\\Bots\\telegram-bot\\app\\Handlers\\ComandHandlers.php on line 323, referer: https://localhost/
[Mon Oct 28 15:37:48.414684 2024] [php:warn] [pid 22956:tid 1308] [client ::1:60948] PHP Warning:  Undefined array key "currentCommand" in C:\\Users\\ROEURN\\Development\\Projects\\PHP\\Bots\\telegram-bot\\app\\Handlers\\ComandHandlers.php on line 358, referer: https://localhost/
[Mon Oct 28 15:37:48.414684 2024] [php:warn] [pid 22956:tid 1308] [client ::1:60948] PHP Warning:  Trying to access array offset on null in C:\\Users\\ROEURN\\Development\\Projects\\PHP\\Bots\\telegram-bot\\app\\Handlers\\ComandHandlers.php on line 358, referer: https://localhost/
[Mon Oct 28 15:37:48.414684 2024] [php:warn] [pid 22956:tid 1308] [client ::1:60948] PHP Warning:  Undefined array key "currentCommand" in C:\\Users\\ROEURN\\Development\\Projects\\PHP\\Bots\\telegram-bot\\app\\Handlers\\ComandHandlers.php on line 407, referer: https://localhost/
[Mon Oct 28 15:37:48.414684 2024] [php:warn] [pid 22956:tid 1308] [client ::1:60948] PHP Warning:  Trying to access array offset on null in C:\\Users\\ROEURN\\Development\\Projects\\PHP\\Bots\\telegram-bot\\app\\Handlers\\ComandHandlers.php on line 407, referer: https://localhost/
[Mon Oct 28 15:37:55.611804 2024] [php:warn] [pid 22956:tid 1308] [client ::1:60948] PHP Warning:  Undefined array key "contact" in C:\\Users\\ROEURN\\Development\\Projects\\PHP\\Bots\\telegram-bot\\app\\Handlers\\ComandHandlers.php on line 27, referer: https://localhost/
[Mon Oct 28 15:37:55.612797 2024] [php:warn] [pid 22956:tid 1308] [client ::1:60948] PHP Warning:  Trying to access array offset on null in C:\\Users\\ROEURN\\Development\\Projects\\PHP\\Bots\\telegram-bot\\app\\Handlers\\ComandHandlers.php on line 27, referer: https://localhost/
[Mon Oct 28 15:38:52.410308 2024] [php:warn] [pid 22956:tid 1308] [client ::1:60948] PHP Warning:  Undefined array key "contact" in C:\\Users\\ROEURN\\Development\\Projects\\PHP\\Bots\\telegram-bot\\app\\Handlers\\ComandHandlers.php on line 27, referer: https://localhost/
[Mon Oct 28 15:38:52.410308 2024] [php:warn] [pid 22956:tid 1308] [client ::1:60948] PHP Warning:  Trying to access array offset on null in C:\\Users\\ROEURN\\Development\\Projects\\PHP\\Bots\\telegram-bot\\app\\Handlers\\ComandHandlers.php on line 27, referer: https://localhost/
