[10-Oct-2024 11:13:25 Asia/Phnom_Penh] PHP Deprecated:  trim(): Passing null to parameter #1 ($string) of type string is deprecated in C:\Users\ROEURN\Development\Projects\PHP\Bots\telegram-bot\backend\app\Handlers\ComandHandlers.php on line 507
[10-Oct-2024 11:17:50 Asia/Phnom_Penh] PHP Deprecated:  trim(): Passing null to parameter #1 ($string) of type string is deprecated in C:\Users\ROEURN\Development\Projects\PHP\Bots\telegram-bot\backend\app\Handlers\ComandHandlers.php on line 507
[10-Oct-2024 11:17:53 Asia/Phnom_Penh] PHP Deprecated:  trim(): Passing null to parameter #1 ($string) of type string is deprecated in C:\Users\ROEURN\Development\Projects\PHP\Bots\telegram-bot\backend\app\Handlers\ComandHandlers.php on line 507
[2024-10-10 06:17:36] ERROR: Directory already exists: C:\Users\ROEURN\Development\Projects\PHP\Bots\telegram-bot\backend\app\Config/../storage/logs
[2024-10-10 06:17:36] ERROR: Directory already exists: C:\Users\ROEURN\Development\Projects\PHP\Bots\telegram-bot\backend\app\Config/../storage/logs/errors
[2024-10-10 06:22:50] ERROR: Directory already exists: C:\Users\ROEURN\Development\Projects\PHP\Bots\telegram-bot\backend\app\Config/../storage/logs
[2024-10-10 06:22:50] ERROR: Directory already exists: C:\Users\ROEURN\Development\Projects\PHP\Bots\telegram-bot\backend\app\Config/../storage/logs/errors
[10-Oct-2024 06:22:50 UTC] PHP Warning:  Trying to access array offset on int in C:\Users\ROEURN\Development\Projects\PHP\Bots\telegram-bot\backend\app\Commands\SystemCommand.php on line 12
[2024-10-10 06:23:55] ERROR: Directory already exists: C:\Users\ROEURN\Development\Projects\PHP\Bots\telegram-bot\backend\app\Config/../storage/logs
[2024-10-10 06:23:55] ERROR: Directory already exists: C:\Users\ROEURN\Development\Projects\PHP\Bots\telegram-bot\backend\app\Config/../storage/logs/errors
[2024-10-10 06:34:02] ERROR: Directory already exists: C:\Users\ROEURN\Development\Projects\PHP\Bots\telegram-bot\backend\app\Config/../storage/logs
[2024-10-10 06:34:02] ERROR: Directory already exists: C:\Users\ROEURN\Development\Projects\PHP\Bots\telegram-bot\backend\app\Config/../storage/logs/errors
[10-Oct-2024 13:34:02 Asia/Phnom_Penh] PHP Notice:  session_start(): Ignoring session_start() because a session is already active (started from C:\Users\ROEURN\Development\Projects\PHP\Bots\telegram-bot\backend\app\includes\IncludeCommands.php on line 12) in C:\Users\ROEURN\Development\Projects\PHP\Bots\telegram-bot\backend\app\Commands\SystemCommand.php on line 8
[2024-10-10 13:34:02] ERROR: Directory already exists: C:\Users\ROEURN\Development\Projects\PHP\Bots\telegram-bot\backend\app\Config/../storage/logs
[2024-10-10 13:34:02] ERROR: Directory already exists: C:\Users\ROEURN\Development\Projects\PHP\Bots\telegram-bot\backend\app\Config/../storage/logs/errors
[2024-10-10 06:34:22] ERROR: Directory already exists: C:\Users\ROEURN\Development\Projects\PHP\Bots\telegram-bot\backend\app\Config/../storage/logs
[2024-10-10 06:34:22] ERROR: Directory already exists: C:\Users\ROEURN\Development\Projects\PHP\Bots\telegram-bot\backend\app\Config/../storage/logs/errors
[2024-10-10 13:34:22] ERROR: Directory already exists: C:\Users\ROEURN\Development\Projects\PHP\Bots\telegram-bot\backend\app\Config/../storage/logs
[2024-10-10 13:34:22] ERROR: Directory already exists: C:\Users\ROEURN\Development\Projects\PHP\Bots\telegram-bot\backend\app\Config/../storage/logs/errors
[2024-10-10 06:34:30] ERROR: Directory already exists: C:\Users\ROEURN\Development\Projects\PHP\Bots\telegram-bot\backend\app\Config/../storage/logs
[2024-10-10 06:34:30] ERROR: Directory already exists: C:\Users\ROEURN\Development\Projects\PHP\Bots\telegram-bot\backend\app\Config/../storage/logs/errors
[2024-10-10 13:34:30] ERROR: Directory already exists: C:\Users\ROEURN\Development\Projects\PHP\Bots\telegram-bot\backend\app\Config/../storage/logs
[2024-10-10 13:34:30] ERROR: Directory already exists: C:\Users\ROEURN\Development\Projects\PHP\Bots\telegram-bot\backend\app\Config/../storage/logs/errors
[2024-10-10 06:34:36] ERROR: Directory already exists: C:\Users\ROEURN\Development\Projects\PHP\Bots\telegram-bot\backend\app\Config/../storage/logs
[2024-10-10 06:34:36] ERROR: Directory already exists: C:\Users\ROEURN\Development\Projects\PHP\Bots\telegram-bot\backend\app\Config/../storage/logs/errors
[2024-10-10 06:35:58] ERROR: Directory already exists: C:\Users\ROEURN\Development\Projects\PHP\Bots\telegram-bot\backend\app\Config/../storage/logs
[2024-10-10 06:35:58] ERROR: Directory already exists: C:\Users\ROEURN\Development\Projects\PHP\Bots\telegram-bot\backend\app\Config/../storage/logs/errors
[10-Oct-2024 06:35:58 UTC] PHP Warning:  Undefined global variable $_SESSION in C:\Users\ROEURN\Development\Projects\PHP\Bots\telegram-bot\backend\app\Commands\SystemCommand.php on line 23
[2024-10-10 06:38:01] ERROR: Directory already exists: C:\Users\ROEURN\Development\Projects\PHP\Bots\telegram-bot\backend\app\Config/../storage/logs
[2024-10-10 06:38:01] ERROR: Directory already exists: C:\Users\ROEURN\Development\Projects\PHP\Bots\telegram-bot\backend\app\Config/../storage/logs/errors
[2024-10-10 13:38:01] ERROR: Directory already exists: C:\Users\ROEURN\Development\Projects\PHP\Bots\telegram-bot\backend\app\Config/../storage/logs
[2024-10-10 13:38:01] ERROR: Directory already exists: C:\Users\ROEURN\Development\Projects\PHP\Bots\telegram-bot\backend\app\Config/../storage/logs/errors
[2024-10-10 06:59:40] ERROR: Directory already exists: C:\Users\ROEURN\Development\Projects\PHP\Bots\telegram-bot\backend\app\Config/../storage/logs
[2024-10-10 06:59:40] ERROR: Directory already exists: C:\Users\ROEURN\Development\Projects\PHP\Bots\telegram-bot\backend\app\Config/../storage/logs/errors
[10-Oct-2024 13:59:40 Asia/Phnom_Penh] PHP Notice:  session_start(): Ignoring session_start() because a session is already active (started from C:\Users\ROEURN\Development\Projects\PHP\Bots\telegram-bot\backend\app\includes\IncludeCommands.php on line 12) in C:\Users\ROEURN\Development\Projects\PHP\Bots\telegram-bot\backend\app\Commands\SystemCommand.php on line 4
[2024-10-10 13:59:40] ERROR: Directory already exists: C:\Users\ROEURN\Development\Projects\PHP\Bots\telegram-bot\backend\app\Config/../storage/logs
[2024-10-10 13:59:40] ERROR: Directory already exists: C:\Users\ROEURN\Development\Projects\PHP\Bots\telegram-bot\backend\app\Config/../storage/logs/errors
[10-Oct-2024 14:00:49 Asia/Phnom_Penh] PHP Deprecated:  trim(): Passing null to parameter #1 ($string) of type string is deprecated in C:\Users\ROEURN\Development\Projects\PHP\Bots\telegram-bot\backend\app\Handlers\ComandHandlers.php on line 410
[2024-10-10 07:09:21] ERROR: Directory already exists: C:\Users\ROEURN\Development\Projects\PHP\Bots\telegram-bot\backend\app\Config/../storage/logs
[2024-10-10 07:09:21] ERROR: Directory already exists: C:\Users\ROEURN\Development\Projects\PHP\Bots\telegram-bot\backend\app\Config/../storage/logs/errors
[2024-10-10 14:09:21] ERROR: Directory already exists: C:\Users\ROEURN\Development\Projects\PHP\Bots\telegram-bot\backend\app\Config/../storage/logs
[2024-10-10 14:09:21] ERROR: Directory already exists: C:\Users\ROEURN\Development\Projects\PHP\Bots\telegram-bot\backend\app\Config/../storage/logs/errors
