[Fri Oct 18 10:59:02.369705 2024] [php:notice] [pid 11064:tid 1312] [client ::1:61564] 0
[Fri Oct 18 10:59:02.455750 2024] [php:warn] [pid 11064:tid 1312] [client ::1:61564] PHP Warning:  Undefined variable $userId in C:\\Users\\ROEURN\\Development\\Projects\\PHP\\Bots\\gss_bot\\admin.php on line 6
[Fri Oct 18 10:59:02.456750 2024] [php:warn] [pid 11064:tid 1312] [client ::1:61564] PHP Warning:  Undefined variable $action in C:\\Users\\ROEURN\\Development\\Projects\\PHP\\Bots\\gss_bot\\admin.php on line 15
[Fri Oct 18 10:59:02.456750 2024] [php:warn] [pid 11064:tid 1312] [client ::1:61564] PHP Warning:  Undefined variable $action in C:\\Users\\ROEURN\\Development\\Projects\\PHP\\Bots\\gss_bot\\admin.php on line 20
[Fri Oct 18 10:59:02.456750 2024] [php:warn] [pid 11064:tid 1312] [client ::1:61564] PHP Warning:  Undefined variable $action in C:\\Users\\ROEURN\\Development\\Projects\\PHP\\Bots\\gss_bot\\admin.php on line 32
[Fri Oct 18 10:59:02.456750 2024] [php:warn] [pid 11064:tid 1312] [client ::1:61564] PHP Warning:  Undefined variable $action in C:\\Users\\ROEURN\\Development\\Projects\\PHP\\Bots\\gss_bot\\admin.php on line 42
[Fri Oct 18 10:59:02.456750 2024] [php:warn] [pid 11064:tid 1312] [client ::1:61564] PHP Warning:  Undefined variable $action in C:\\Users\\ROEURN\\Development\\Projects\\PHP\\Bots\\gss_bot\\admin.php on line 113
[Fri Oct 18 10:59:02.456750 2024] [php:warn] [pid 11064:tid 1312] [client ::1:61564] PHP Warning:  Undefined variable $action in C:\\Users\\ROEURN\\Development\\Projects\\PHP\\Bots\\gss_bot\\admin.php on line 113
[Fri Oct 18 10:59:02.456750 2024] [php:warn] [pid 11064:tid 1312] [client ::1:61564] PHP Warning:  Undefined variable $action in C:\\Users\\ROEURN\\Development\\Projects\\PHP\\Bots\\gss_bot\\admin.php on line 172
[Fri Oct 18 10:59:02.456750 2024] [php:warn] [pid 11064:tid 1312] [client ::1:61564] PHP Warning:  Undefined variable $action in C:\\Users\\ROEURN\\Development\\Projects\\PHP\\Bots\\gss_bot\\admin.php on line 540
[Fri Oct 18 10:59:02.456750 2024] [php:warn] [pid 11064:tid 1312] [client ::1:61564] PHP Warning:  Undefined variable $action in C:\\Users\\ROEURN\\Development\\Projects\\PHP\\Bots\\gss_bot\\admin.php on line 654
[Fri Oct 18 10:59:02.456750 2024] [php:warn] [pid 11064:tid 1312] [client ::1:61564] PHP Warning:  Undefined variable $action in C:\\Users\\ROEURN\\Development\\Projects\\PHP\\Bots\\gss_bot\\admin.php on line 1014
[Fri Oct 18 10:59:02.456750 2024] [php:warn] [pid 11064:tid 1312] [client ::1:61564] PHP Warning:  Undefined variable $action in C:\\Users\\ROEURN\\Development\\Projects\\PHP\\Bots\\gss_bot\\admin.php on line 1014
[Fri Oct 18 10:59:02.456750 2024] [php:warn] [pid 11064:tid 1312] [client ::1:61564] PHP Warning:  Undefined variable $action in C:\\Users\\ROEURN\\Development\\Projects\\PHP\\Bots\\gss_bot\\admin.php on line 1019
[Fri Oct 18 10:59:02.456750 2024] [php:warn] [pid 11064:tid 1312] [client ::1:61564] PHP Warning:  Undefined variable $action in C:\\Users\\ROEURN\\Development\\Projects\\PHP\\Bots\\gss_bot\\admin.php on line 1019
[Fri Oct 18 10:59:02.456750 2024] [php:warn] [pid 11064:tid 1312] [client ::1:61564] PHP Warning:  Undefined variable $action in C:\\Users\\ROEURN\\Development\\Projects\\PHP\\Bots\\gss_bot\\admin.php on line 1026
[Fri Oct 18 10:59:02.456750 2024] [php:warn] [pid 11064:tid 1312] [client ::1:61564] PHP Warning:  Undefined variable $action in C:\\Users\\ROEURN\\Development\\Projects\\PHP\\Bots\\gss_bot\\admin.php on line 1026
[Fri Oct 18 10:59:02.456750 2024] [php:warn] [pid 11064:tid 1312] [client ::1:61564] PHP Warning:  Undefined variable $action in C:\\Users\\ROEURN\\Development\\Projects\\PHP\\Bots\\gss_bot\\admin.php on line 1031
[Fri Oct 18 10:59:02.456750 2024] [php:warn] [pid 11064:tid 1312] [client ::1:61564] PHP Warning:  Undefined variable $action in C:\\Users\\ROEURN\\Development\\Projects\\PHP\\Bots\\gss_bot\\admin.php on line 1031
[Fri Oct 18 10:59:02.456750 2024] [php:warn] [pid 11064:tid 1312] [client ::1:61564] PHP Warning:  Undefined variable $action in C:\\Users\\ROEURN\\Development\\Projects\\PHP\\Bots\\gss_bot\\admin.php on line 1036
[Fri Oct 18 10:59:02.456750 2024] [php:warn] [pid 11064:tid 1312] [client ::1:61564] PHP Warning:  Undefined variable $action in C:\\Users\\ROEURN\\Development\\Projects\\PHP\\Bots\\gss_bot\\admin.php on line 1062
[Fri Oct 18 10:59:02.456750 2024] [php:warn] [pid 11064:tid 1312] [client ::1:61564] PHP Warning:  Undefined variable $action in C:\\Users\\ROEURN\\Development\\Projects\\PHP\\Bots\\gss_bot\\admin.php on line 1086
[Fri Oct 18 10:59:02.456750 2024] [php:warn] [pid 11064:tid 1312] [client ::1:61564] PHP Warning:  Undefined variable $action in C:\\Users\\ROEURN\\Development\\Projects\\PHP\\Bots\\gss_bot\\admin.php on line 1111
[Fri Oct 18 10:59:03.198354 2024] [php:notice] [pid 11064:tid 1312] [client ::1:61564] 0, referer: https://localhost/admin.php
[Fri Oct 18 10:59:03.301215 2024] [php:warn] [pid 11064:tid 1312] [client ::1:61564] PHP Warning:  Undefined variable $userId in C:\\Users\\ROEURN\\Development\\Projects\\PHP\\Bots\\gss_bot\\admin.php on line 6, referer: https://localhost/admin.php
[Fri Oct 18 10:59:03.301215 2024] [php:warn] [pid 11064:tid 1312] [client ::1:61564] PHP Warning:  Undefined variable $action in C:\\Users\\ROEURN\\Development\\Projects\\PHP\\Bots\\gss_bot\\admin.php on line 15, referer: https://localhost/admin.php
[Fri Oct 18 10:59:03.301215 2024] [php:warn] [pid 11064:tid 1312] [client ::1:61564] PHP Warning:  Undefined variable $action in C:\\Users\\ROEURN\\Development\\Projects\\PHP\\Bots\\gss_bot\\admin.php on line 20, referer: https://localhost/admin.php
[Fri Oct 18 10:59:03.301215 2024] [php:warn] [pid 11064:tid 1312] [client ::1:61564] PHP Warning:  Undefined variable $action in C:\\Users\\ROEURN\\Development\\Projects\\PHP\\Bots\\gss_bot\\admin.php on line 32, referer: https://localhost/admin.php
[Fri Oct 18 10:59:03.301215 2024] [php:warn] [pid 11064:tid 1312] [client ::1:61564] PHP Warning:  Undefined variable $action in C:\\Users\\ROEURN\\Development\\Projects\\PHP\\Bots\\gss_bot\\admin.php on line 42, referer: https://localhost/admin.php
[Fri Oct 18 10:59:03.301215 2024] [php:warn] [pid 11064:tid 1312] [client ::1:61564] PHP Warning:  Undefined variable $action in C:\\Users\\ROEURN\\Development\\Projects\\PHP\\Bots\\gss_bot\\admin.php on line 113, referer: https://localhost/admin.php
[Fri Oct 18 10:59:03.301215 2024] [php:warn] [pid 11064:tid 1312] [client ::1:61564] PHP Warning:  Undefined variable $action in C:\\Users\\ROEURN\\Development\\Projects\\PHP\\Bots\\gss_bot\\admin.php on line 113, referer: https://localhost/admin.php
[Fri Oct 18 10:59:03.301215 2024] [php:warn] [pid 11064:tid 1312] [client ::1:61564] PHP Warning:  Undefined variable $action in C:\\Users\\ROEURN\\Development\\Projects\\PHP\\Bots\\gss_bot\\admin.php on line 172, referer: https://localhost/admin.php
[Fri Oct 18 10:59:03.301215 2024] [php:warn] [pid 11064:tid 1312] [client ::1:61564] PHP Warning:  Undefined variable $action in C:\\Users\\ROEURN\\Development\\Projects\\PHP\\Bots\\gss_bot\\admin.php on line 540, referer: https://localhost/admin.php
[Fri Oct 18 10:59:03.301215 2024] [php:warn] [pid 11064:tid 1312] [client ::1:61564] PHP Warning:  Undefined variable $action in C:\\Users\\ROEURN\\Development\\Projects\\PHP\\Bots\\gss_bot\\admin.php on line 654, referer: https://localhost/admin.php
[Fri Oct 18 10:59:03.301215 2024] [php:warn] [pid 11064:tid 1312] [client ::1:61564] PHP Warning:  Undefined variable $action in C:\\Users\\ROEURN\\Development\\Projects\\PHP\\Bots\\gss_bot\\admin.php on line 1014, referer: https://localhost/admin.php
[Fri Oct 18 10:59:03.301215 2024] [php:warn] [pid 11064:tid 1312] [client ::1:61564] PHP Warning:  Undefined variable $action in C:\\Users\\ROEURN\\Development\\Projects\\PHP\\Bots\\gss_bot\\admin.php on line 1014, referer: https://localhost/admin.php
[Fri Oct 18 10:59:03.301215 2024] [php:warn] [pid 11064:tid 1312] [client ::1:61564] PHP Warning:  Undefined variable $action in C:\\Users\\ROEURN\\Development\\Projects\\PHP\\Bots\\gss_bot\\admin.php on line 1019, referer: https://localhost/admin.php
[Fri Oct 18 10:59:03.301215 2024] [php:warn] [pid 11064:tid 1312] [client ::1:61564] PHP Warning:  Undefined variable $action in C:\\Users\\ROEURN\\Development\\Projects\\PHP\\Bots\\gss_bot\\admin.php on line 1019, referer: https://localhost/admin.php
[Fri Oct 18 10:59:03.301215 2024] [php:warn] [pid 11064:tid 1312] [client ::1:61564] PHP Warning:  Undefined variable $action in C:\\Users\\ROEURN\\Development\\Projects\\PHP\\Bots\\gss_bot\\admin.php on line 1026, referer: https://localhost/admin.php
[Fri Oct 18 10:59:03.301215 2024] [php:warn] [pid 11064:tid 1312] [client ::1:61564] PHP Warning:  Undefined variable $action in C:\\Users\\ROEURN\\Development\\Projects\\PHP\\Bots\\gss_bot\\admin.php on line 1026, referer: https://localhost/admin.php
[Fri Oct 18 10:59:03.301215 2024] [php:warn] [pid 11064:tid 1312] [client ::1:61564] PHP Warning:  Undefined variable $action in C:\\Users\\ROEURN\\Development\\Projects\\PHP\\Bots\\gss_bot\\admin.php on line 1031, referer: https://localhost/admin.php
[Fri Oct 18 10:59:03.301215 2024] [php:warn] [pid 11064:tid 1312] [client ::1:61564] PHP Warning:  Undefined variable $action in C:\\Users\\ROEURN\\Development\\Projects\\PHP\\Bots\\gss_bot\\admin.php on line 1031, referer: https://localhost/admin.php
[Fri Oct 18 10:59:03.301215 2024] [php:warn] [pid 11064:tid 1312] [client ::1:61564] PHP Warning:  Undefined variable $action in C:\\Users\\ROEURN\\Development\\Projects\\PHP\\Bots\\gss_bot\\admin.php on line 1036, referer: https://localhost/admin.php
[Fri Oct 18 10:59:03.301215 2024] [php:warn] [pid 11064:tid 1312] [client ::1:61564] PHP Warning:  Undefined variable $action in C:\\Users\\ROEURN\\Development\\Projects\\PHP\\Bots\\gss_bot\\admin.php on line 1062, referer: https://localhost/admin.php
[Fri Oct 18 10:59:03.302221 2024] [php:warn] [pid 11064:tid 1312] [client ::1:61564] PHP Warning:  Undefined variable $action in C:\\Users\\ROEURN\\Development\\Projects\\PHP\\Bots\\gss_bot\\admin.php on line 1086, referer: https://localhost/admin.php
[Fri Oct 18 10:59:03.302221 2024] [php:warn] [pid 11064:tid 1312] [client ::1:61564] PHP Warning:  Undefined variable $action in C:\\Users\\ROEURN\\Development\\Projects\\PHP\\Bots\\gss_bot\\admin.php on line 1111, referer: https://localhost/admin.php
[Fri Oct 18 10:59:10.231836 2024] [php:notice] [pid 11064:tid 1272] [client ::1:61578] 0
[Fri Oct 18 10:59:10.801406 2024] [php:notice] [pid 11064:tid 1272] [client ::1:61578] 0, referer: https://localhost/
[Fri Oct 18 11:05:20.406536 2024] [php:notice] [pid 11064:tid 1312] [client ::1:61685] 0
[Fri Oct 18 11:05:21.383569 2024] [php:notice] [pid 11064:tid 1312] [client ::1:61685] 0, referer: https://localhost/
[Fri Oct 18 11:05:22.947540 2024] [php:notice] [pid 11064:tid 1312] [client ::1:61685] 0
[Fri Oct 18 11:05:23.553775 2024] [php:notice] [pid 11064:tid 1312] [client ::1:61685] 0, referer: https://localhost/
[Fri Oct 18 11:05:23.926796 2024] [php:notice] [pid 11064:tid 1312] [client ::1:61685] 0
[Fri Oct 18 11:05:24.532916 2024] [php:notice] [pid 11064:tid 1312] [client ::1:61685] 0, referer: https://localhost/
[Fri Oct 18 11:08:34.285220 2024] [php:notice] [pid 11064:tid 1312] [client ::1:61737] 0
[Fri Oct 18 11:08:34.443921 2024] [php:warn] [pid 11064:tid 1312] [client ::1:61737] PHP Warning:  Attempt to read property "message" on null in C:\\Users\\ROEURN\\Development\\Projects\\PHP\\Bots\\gss_bot\\index.php on line 13
[Fri Oct 18 11:08:34.443921 2024] [php:warn] [pid 11064:tid 1312] [client ::1:61737] PHP Warning:  Attempt to read property "text" on null in C:\\Users\\ROEURN\\Development\\Projects\\PHP\\Bots\\gss_bot\\index.php on line 14
[Fri Oct 18 11:08:34.443921 2024] [php:warn] [pid 11064:tid 1312] [client ::1:61737] PHP Warning:  Attempt to read property "from" on null in C:\\Users\\ROEURN\\Development\\Projects\\PHP\\Bots\\gss_bot\\index.php on line 15
[Fri Oct 18 11:08:34.443921 2024] [php:warn] [pid 11064:tid 1312] [client ::1:61737] PHP Warning:  Attempt to read property "id" on null in C:\\Users\\ROEURN\\Development\\Projects\\PHP\\Bots\\gss_bot\\index.php on line 15
[Fri Oct 18 11:08:34.443921 2024] [php:warn] [pid 11064:tid 1312] [client ::1:61737] PHP Warning:  Attempt to read property "from" on null in C:\\Users\\ROEURN\\Development\\Projects\\PHP\\Bots\\gss_bot\\index.php on line 16
[Fri Oct 18 11:08:34.443921 2024] [php:warn] [pid 11064:tid 1312] [client ::1:61737] PHP Warning:  Attempt to read property "first_name" on null in C:\\Users\\ROEURN\\Development\\Projects\\PHP\\Bots\\gss_bot\\index.php on line 16
[Fri Oct 18 11:08:34.446998 2024] [php:error] [pid 11064:tid 1312] [client ::1:61737] PHP Fatal error:  Uncaught mysqli_sql_exception: Column 'user_id' cannot be null in C:\\Users\\ROEURN\\Development\\Projects\\PHP\\Bots\\gss_bot\\includes\\models\\EzzeModel.php:659\nStack trace:\n#0 C:\\Users\\ROEURN\\Development\\Projects\\PHP\\Bots\\gss_bot\\includes\\models\\EzzeModel.php(659): mysqli_stmt->execute()\n#1 C:\\Users\\ROEURN\\Development\\Projects\\PHP\\Bots\\gss_bot\\index.php(24): EzzeTeamsModel->saveUserBotRequest2()\n#2 {main}\n  thrown in C:\\Users\\ROEURN\\Development\\Projects\\PHP\\Bots\\gss_bot\\includes\\models\\EzzeModel.php on line 659
[Fri Oct 18 11:08:35.247156 2024] [php:notice] [pid 11064:tid 1312] [client ::1:61737] 0, referer: https://localhost/
[Fri Oct 18 11:08:35.339355 2024] [php:warn] [pid 11064:tid 1312] [client ::1:61737] PHP Warning:  Attempt to read property "message" on null in C:\\Users\\ROEURN\\Development\\Projects\\PHP\\Bots\\gss_bot\\index.php on line 13, referer: https://localhost/
[Fri Oct 18 11:08:35.339355 2024] [php:warn] [pid 11064:tid 1312] [client ::1:61737] PHP Warning:  Attempt to read property "text" on null in C:\\Users\\ROEURN\\Development\\Projects\\PHP\\Bots\\gss_bot\\index.php on line 14, referer: https://localhost/
[Fri Oct 18 11:08:35.339355 2024] [php:warn] [pid 11064:tid 1312] [client ::1:61737] PHP Warning:  Attempt to read property "from" on null in C:\\Users\\ROEURN\\Development\\Projects\\PHP\\Bots\\gss_bot\\index.php on line 15, referer: https://localhost/
[Fri Oct 18 11:08:35.339355 2024] [php:warn] [pid 11064:tid 1312] [client ::1:61737] PHP Warning:  Attempt to read property "id" on null in C:\\Users\\ROEURN\\Development\\Projects\\PHP\\Bots\\gss_bot\\index.php on line 15, referer: https://localhost/
[Fri Oct 18 11:08:35.339355 2024] [php:warn] [pid 11064:tid 1312] [client ::1:61737] PHP Warning:  Attempt to read property "from" on null in C:\\Users\\ROEURN\\Development\\Projects\\PHP\\Bots\\gss_bot\\index.php on line 16, referer: https://localhost/
[Fri Oct 18 11:08:35.339355 2024] [php:warn] [pid 11064:tid 1312] [client ::1:61737] PHP Warning:  Attempt to read property "first_name" on null in C:\\Users\\ROEURN\\Development\\Projects\\PHP\\Bots\\gss_bot\\index.php on line 16, referer: https://localhost/
[Fri Oct 18 11:08:35.340364 2024] [php:error] [pid 11064:tid 1312] [client ::1:61737] PHP Fatal error:  Uncaught mysqli_sql_exception: Column 'user_id' cannot be null in C:\\Users\\ROEURN\\Development\\Projects\\PHP\\Bots\\gss_bot\\includes\\models\\EzzeModel.php:659\nStack trace:\n#0 C:\\Users\\ROEURN\\Development\\Projects\\PHP\\Bots\\gss_bot\\includes\\models\\EzzeModel.php(659): mysqli_stmt->execute()\n#1 C:\\Users\\ROEURN\\Development\\Projects\\PHP\\Bots\\gss_bot\\index.php(24): EzzeTeamsModel->saveUserBotRequest2()\n#2 {main}\n  thrown in C:\\Users\\ROEURN\\Development\\Projects\\PHP\\Bots\\gss_bot\\includes\\models\\EzzeModel.php on line 659, referer: https://localhost/
[Fri Oct 18 11:10:56.977115 2024] [php:notice] [pid 11064:tid 1308] [client ::1:61808] 0
[Fri Oct 18 11:10:57.805671 2024] [php:notice] [pid 11064:tid 1308] [client ::1:61808] 0, referer: https://localhost/
[Fri Oct 18 11:12:09.681364 2024] [php:notice] [pid 11064:tid 1312] [client ::1:61831] 0
[Fri Oct 18 11:12:09.832087 2024] [php:warn] [pid 11064:tid 1312] [client ::1:61831] PHP Warning:  Attempt to read property "message" on null in C:\\Users\\ROEURN\\Development\\Projects\\PHP\\Bots\\gss_bot\\index.php on line 13
[Fri Oct 18 11:12:09.832087 2024] [php:warn] [pid 11064:tid 1312] [client ::1:61831] PHP Warning:  Attempt to read property "text" on null in C:\\Users\\ROEURN\\Development\\Projects\\PHP\\Bots\\gss_bot\\index.php on line 14
[Fri Oct 18 11:12:09.832087 2024] [php:warn] [pid 11064:tid 1312] [client ::1:61831] PHP Warning:  Attempt to read property "from" on null in C:\\Users\\ROEURN\\Development\\Projects\\PHP\\Bots\\gss_bot\\index.php on line 15
[Fri Oct 18 11:12:09.832087 2024] [php:warn] [pid 11064:tid 1312] [client ::1:61831] PHP Warning:  Attempt to read property "id" on null in C:\\Users\\ROEURN\\Development\\Projects\\PHP\\Bots\\gss_bot\\index.php on line 15
[Fri Oct 18 11:12:09.832087 2024] [php:warn] [pid 11064:tid 1312] [client ::1:61831] PHP Warning:  Attempt to read property "from" on null in C:\\Users\\ROEURN\\Development\\Projects\\PHP\\Bots\\gss_bot\\index.php on line 16
[Fri Oct 18 11:12:09.832087 2024] [php:warn] [pid 11064:tid 1312] [client ::1:61831] PHP Warning:  Attempt to read property "first_name" on null in C:\\Users\\ROEURN\\Development\\Projects\\PHP\\Bots\\gss_bot\\index.php on line 16
[Fri Oct 18 11:12:09.833443 2024] [php:error] [pid 11064:tid 1312] [client ::1:61831] PHP Fatal error:  Uncaught mysqli_sql_exception: Column 'user_id' cannot be null in C:\\Users\\ROEURN\\Development\\Projects\\PHP\\Bots\\gss_bot\\includes\\models\\EzzeModel.php:659\nStack trace:\n#0 C:\\Users\\ROEURN\\Development\\Projects\\PHP\\Bots\\gss_bot\\includes\\models\\EzzeModel.php(659): mysqli_stmt->execute()\n#1 C:\\Users\\ROEURN\\Development\\Projects\\PHP\\Bots\\gss_bot\\index.php(24): EzzeTeamsModel->saveUserBotRequest2()\n#2 {main}\n  thrown in C:\\Users\\ROEURN\\Development\\Projects\\PHP\\Bots\\gss_bot\\includes\\models\\EzzeModel.php on line 659
[Fri Oct 18 11:12:11.391937 2024] [php:notice] [pid 11064:tid 1312] [client ::1:61831] 0, referer: https://localhost/
[Fri Oct 18 11:12:11.539667 2024] [php:warn] [pid 11064:tid 1312] [client ::1:61831] PHP Warning:  Attempt to read property "message" on null in C:\\Users\\ROEURN\\Development\\Projects\\PHP\\Bots\\gss_bot\\index.php on line 13, referer: https://localhost/
[Fri Oct 18 11:12:11.539667 2024] [php:warn] [pid 11064:tid 1312] [client ::1:61831] PHP Warning:  Attempt to read property "text" on null in C:\\Users\\ROEURN\\Development\\Projects\\PHP\\Bots\\gss_bot\\index.php on line 14, referer: https://localhost/
[Fri Oct 18 11:12:11.539667 2024] [php:warn] [pid 11064:tid 1312] [client ::1:61831] PHP Warning:  Attempt to read property "from" on null in C:\\Users\\ROEURN\\Development\\Projects\\PHP\\Bots\\gss_bot\\index.php on line 15, referer: https://localhost/
[Fri Oct 18 11:12:11.539667 2024] [php:warn] [pid 11064:tid 1312] [client ::1:61831] PHP Warning:  Attempt to read property "id" on null in C:\\Users\\ROEURN\\Development\\Projects\\PHP\\Bots\\gss_bot\\index.php on line 15, referer: https://localhost/
[Fri Oct 18 11:12:11.539667 2024] [php:warn] [pid 11064:tid 1312] [client ::1:61831] PHP Warning:  Attempt to read property "from" on null in C:\\Users\\ROEURN\\Development\\Projects\\PHP\\Bots\\gss_bot\\index.php on line 16, referer: https://localhost/
[Fri Oct 18 11:12:11.539667 2024] [php:warn] [pid 11064:tid 1312] [client ::1:61831] PHP Warning:  Attempt to read property "first_name" on null in C:\\Users\\ROEURN\\Development\\Projects\\PHP\\Bots\\gss_bot\\index.php on line 16, referer: https://localhost/
[Fri Oct 18 11:12:11.540670 2024] [php:error] [pid 11064:tid 1312] [client ::1:61831] PHP Fatal error:  Uncaught mysqli_sql_exception: Column 'user_id' cannot be null in C:\\Users\\ROEURN\\Development\\Projects\\PHP\\Bots\\gss_bot\\includes\\models\\EzzeModel.php:659\nStack trace:\n#0 C:\\Users\\ROEURN\\Development\\Projects\\PHP\\Bots\\gss_bot\\includes\\models\\EzzeModel.php(659): mysqli_stmt->execute()\n#1 C:\\Users\\ROEURN\\Development\\Projects\\PHP\\Bots\\gss_bot\\index.php(24): EzzeTeamsModel->saveUserBotRequest2()\n#2 {main}\n  thrown in C:\\Users\\ROEURN\\Development\\Projects\\PHP\\Bots\\gss_bot\\includes\\models\\EzzeModel.php on line 659, referer: https://localhost/
[Fri Oct 18 11:42:41.249834 2024] [php:notice] [pid 11064:tid 1308] [client ::1:62382] 0
[Fri Oct 18 11:43:38.055026 2024] [php:notice] [pid 11064:tid 1312] [client ::1:62407] 0
[Fri Oct 18 11:51:57.578388 2024] [php:notice] [pid 11064:tid 1308] [client ::1:62546] 0
[Fri Oct 18 11:51:58.488805 2024] [php:notice] [pid 11064:tid 1308] [client ::1:62546] 0, referer: https://localhost/
[Fri Oct 18 11:52:40.098675 2024] [php:notice] [pid 11064:tid 1308] [client ::1:62566] 0
[Fri Oct 18 11:52:40.976172 2024] [php:notice] [pid 11064:tid 1308] [client ::1:62566] 0, referer: https://localhost/
[Fri Oct 18 12:14:45.193144 2024] [php:notice] [pid 11064:tid 1312] [client ::1:62984] 0
[Fri Oct 18 12:14:45.280857 2024] [php:warn] [pid 11064:tid 1312] [client ::1:62984] PHP Warning:  Undefined array key "command" in C:\\Users\\ROEURN\\Development\\Projects\\PHP\\Bots\\gss_bot\\report.php on line 6
[Fri Oct 18 12:14:45.292072 2024] [php:warn] [pid 11064:tid 1312] [client ::1:62984] PHP Warning:  Undefined array key "command" in C:\\Users\\ROEURN\\Development\\Projects\\PHP\\Bots\\gss_bot\\report.php on line 40
[Fri Oct 18 12:14:45.292072 2024] [php:warn] [pid 11064:tid 1312] [client ::1:62984] PHP Warning:  Undefined array key "command" in C:\\Users\\ROEURN\\Development\\Projects\\PHP\\Bots\\gss_bot\\report.php on line 66
[Fri Oct 18 12:16:09.370619 2024] [php:notice] [pid 11064:tid 1308] [client ::1:63003] 0
[Fri Oct 18 12:16:09.462500 2024] [php:warn] [pid 11064:tid 1308] [client ::1:63003] PHP Warning:  Undefined array key "command" in C:\\Users\\ROEURN\\Development\\Projects\\PHP\\Bots\\gss_bot\\report.php on line 6
[Fri Oct 18 12:16:09.462500 2024] [php:warn] [pid 11064:tid 1308] [client ::1:63003] PHP Warning:  Undefined array key "command" in C:\\Users\\ROEURN\\Development\\Projects\\PHP\\Bots\\gss_bot\\report.php on line 40
[Fri Oct 18 12:16:09.462500 2024] [php:warn] [pid 11064:tid 1308] [client ::1:63003] PHP Warning:  Undefined array key "command" in C:\\Users\\ROEURN\\Development\\Projects\\PHP\\Bots\\gss_bot\\report.php on line 66
[Fri Oct 18 12:17:45.393656 2024] [php:notice] [pid 11064:tid 1312] [client ::1:63024] 0
[Fri Oct 18 12:17:45.516862 2024] [php:warn] [pid 11064:tid 1312] [client ::1:63024] PHP Warning:  Undefined array key "command" in C:\\Users\\ROEURN\\Development\\Projects\\PHP\\Bots\\gss_bot\\report.php on line 6
[Fri Oct 18 12:17:45.516862 2024] [php:warn] [pid 11064:tid 1312] [client ::1:63024] PHP Warning:  Undefined array key "command" in C:\\Users\\ROEURN\\Development\\Projects\\PHP\\Bots\\gss_bot\\report.php on line 40
[Fri Oct 18 12:17:45.516862 2024] [php:warn] [pid 11064:tid 1312] [client ::1:63024] PHP Warning:  Undefined array key "command" in C:\\Users\\ROEURN\\Development\\Projects\\PHP\\Bots\\gss_bot\\report.php on line 66
[Fri Oct 18 12:17:46.214773 2024] [php:notice] [pid 11064:tid 1312] [client ::1:63024] 0
[Fri Oct 18 12:17:46.284106 2024] [php:warn] [pid 11064:tid 1312] [client ::1:63024] PHP Warning:  Undefined array key "command" in C:\\Users\\ROEURN\\Development\\Projects\\PHP\\Bots\\gss_bot\\report.php on line 6
[Fri Oct 18 12:17:46.284750 2024] [php:warn] [pid 11064:tid 1312] [client ::1:63024] PHP Warning:  Undefined array key "command" in C:\\Users\\ROEURN\\Development\\Projects\\PHP\\Bots\\gss_bot\\report.php on line 40
[Fri Oct 18 12:17:46.284750 2024] [php:warn] [pid 11064:tid 1312] [client ::1:63024] PHP Warning:  Undefined array key "command" in C:\\Users\\ROEURN\\Development\\Projects\\PHP\\Bots\\gss_bot\\report.php on line 66
[Fri Oct 18 12:17:46.472675 2024] [php:notice] [pid 11064:tid 1312] [client ::1:63024] 0
[Fri Oct 18 12:17:46.533512 2024] [php:warn] [pid 11064:tid 1312] [client ::1:63024] PHP Warning:  Undefined array key "command" in C:\\Users\\ROEURN\\Development\\Projects\\PHP\\Bots\\gss_bot\\report.php on line 6
[Fri Oct 18 12:17:46.533512 2024] [php:warn] [pid 11064:tid 1312] [client ::1:63024] PHP Warning:  Undefined array key "command" in C:\\Users\\ROEURN\\Development\\Projects\\PHP\\Bots\\gss_bot\\report.php on line 40
[Fri Oct 18 12:17:46.533512 2024] [php:warn] [pid 11064:tid 1312] [client ::1:63024] PHP Warning:  Undefined array key "command" in C:\\Users\\ROEURN\\Development\\Projects\\PHP\\Bots\\gss_bot\\report.php on line 66
[Fri Oct 18 12:17:51.158214 2024] [php:notice] [pid 11064:tid 1312] [client ::1:63024] 0
[Fri Oct 18 12:17:51.243355 2024] [php:warn] [pid 11064:tid 1312] [client ::1:63024] PHP Warning:  Undefined variable $userId in C:\\Users\\ROEURN\\Development\\Projects\\PHP\\Bots\\gss_bot\\admin.php on line 6
[Fri Oct 18 12:17:51.243355 2024] [php:warn] [pid 11064:tid 1312] [client ::1:63024] PHP Warning:  Undefined variable $action in C:\\Users\\ROEURN\\Development\\Projects\\PHP\\Bots\\gss_bot\\admin.php on line 15
[Fri Oct 18 12:17:51.243355 2024] [php:warn] [pid 11064:tid 1312] [client ::1:63024] PHP Warning:  Undefined variable $action in C:\\Users\\ROEURN\\Development\\Projects\\PHP\\Bots\\gss_bot\\admin.php on line 20
[Fri Oct 18 12:17:51.243355 2024] [php:warn] [pid 11064:tid 1312] [client ::1:63024] PHP Warning:  Undefined variable $action in C:\\Users\\ROEURN\\Development\\Projects\\PHP\\Bots\\gss_bot\\admin.php on line 32
[Fri Oct 18 12:17:51.244354 2024] [php:warn] [pid 11064:tid 1312] [client ::1:63024] PHP Warning:  Undefined variable $action in C:\\Users\\ROEURN\\Development\\Projects\\PHP\\Bots\\gss_bot\\admin.php on line 42
[Fri Oct 18 12:17:51.244354 2024] [php:warn] [pid 11064:tid 1312] [client ::1:63024] PHP Warning:  Undefined variable $action in C:\\Users\\ROEURN\\Development\\Projects\\PHP\\Bots\\gss_bot\\admin.php on line 113
[Fri Oct 18 12:17:51.244354 2024] [php:warn] [pid 11064:tid 1312] [client ::1:63024] PHP Warning:  Undefined variable $action in C:\\Users\\ROEURN\\Development\\Projects\\PHP\\Bots\\gss_bot\\admin.php on line 113
[Fri Oct 18 12:17:51.244354 2024] [php:warn] [pid 11064:tid 1312] [client ::1:63024] PHP Warning:  Undefined variable $action in C:\\Users\\ROEURN\\Development\\Projects\\PHP\\Bots\\gss_bot\\admin.php on line 172
[Fri Oct 18 12:17:51.244354 2024] [php:warn] [pid 11064:tid 1312] [client ::1:63024] PHP Warning:  Undefined variable $action in C:\\Users\\ROEURN\\Development\\Projects\\PHP\\Bots\\gss_bot\\admin.php on line 540
[Fri Oct 18 12:17:51.244462 2024] [php:warn] [pid 11064:tid 1312] [client ::1:63024] PHP Warning:  Undefined variable $action in C:\\Users\\ROEURN\\Development\\Projects\\PHP\\Bots\\gss_bot\\admin.php on line 654
[Fri Oct 18 12:17:51.244462 2024] [php:warn] [pid 11064:tid 1312] [client ::1:63024] PHP Warning:  Undefined variable $action in C:\\Users\\ROEURN\\Development\\Projects\\PHP\\Bots\\gss_bot\\admin.php on line 1014
[Fri Oct 18 12:17:51.244462 2024] [php:warn] [pid 11064:tid 1312] [client ::1:63024] PHP Warning:  Undefined variable $action in C:\\Users\\ROEURN\\Development\\Projects\\PHP\\Bots\\gss_bot\\admin.php on line 1014
[Fri Oct 18 12:17:51.244462 2024] [php:warn] [pid 11064:tid 1312] [client ::1:63024] PHP Warning:  Undefined variable $action in C:\\Users\\ROEURN\\Development\\Projects\\PHP\\Bots\\gss_bot\\admin.php on line 1019
[Fri Oct 18 12:17:51.244462 2024] [php:warn] [pid 11064:tid 1312] [client ::1:63024] PHP Warning:  Undefined variable $action in C:\\Users\\ROEURN\\Development\\Projects\\PHP\\Bots\\gss_bot\\admin.php on line 1019
[Fri Oct 18 12:17:51.244462 2024] [php:warn] [pid 11064:tid 1312] [client ::1:63024] PHP Warning:  Undefined variable $action in C:\\Users\\ROEURN\\Development\\Projects\\PHP\\Bots\\gss_bot\\admin.php on line 1026
[Fri Oct 18 12:17:51.244462 2024] [php:warn] [pid 11064:tid 1312] [client ::1:63024] PHP Warning:  Undefined variable $action in C:\\Users\\ROEURN\\Development\\Projects\\PHP\\Bots\\gss_bot\\admin.php on line 1026
[Fri Oct 18 12:17:51.244462 2024] [php:warn] [pid 11064:tid 1312] [client ::1:63024] PHP Warning:  Undefined variable $action in C:\\Users\\ROEURN\\Development\\Projects\\PHP\\Bots\\gss_bot\\admin.php on line 1031
[Fri Oct 18 12:17:51.244462 2024] [php:warn] [pid 11064:tid 1312] [client ::1:63024] PHP Warning:  Undefined variable $action in C:\\Users\\ROEURN\\Development\\Projects\\PHP\\Bots\\gss_bot\\admin.php on line 1031
[Fri Oct 18 12:17:51.244462 2024] [php:warn] [pid 11064:tid 1312] [client ::1:63024] PHP Warning:  Undefined variable $action in C:\\Users\\ROEURN\\Development\\Projects\\PHP\\Bots\\gss_bot\\admin.php on line 1036
[Fri Oct 18 12:17:51.244462 2024] [php:warn] [pid 11064:tid 1312] [client ::1:63024] PHP Warning:  Undefined variable $action in C:\\Users\\ROEURN\\Development\\Projects\\PHP\\Bots\\gss_bot\\admin.php on line 1062
[Fri Oct 18 12:17:51.244462 2024] [php:warn] [pid 11064:tid 1312] [client ::1:63024] PHP Warning:  Undefined variable $action in C:\\Users\\ROEURN\\Development\\Projects\\PHP\\Bots\\gss_bot\\admin.php on line 1086
[Fri Oct 18 12:17:51.244462 2024] [php:warn] [pid 11064:tid 1312] [client ::1:63024] PHP Warning:  Undefined variable $action in C:\\Users\\ROEURN\\Development\\Projects\\PHP\\Bots\\gss_bot\\admin.php on line 1111
[Fri Oct 18 12:19:19.807860 2024] [php:notice] [pid 11064:tid 1308] [client ::1:63055] 0
[Fri Oct 18 12:19:19.881179 2024] [php:warn] [pid 11064:tid 1308] [client ::1:63055] PHP Warning:  Undefined variable $userId in C:\\Users\\ROEURN\\Development\\Projects\\PHP\\Bots\\gss_bot\\admin.php on line 6
[Fri Oct 18 12:19:19.882178 2024] [php:warn] [pid 11064:tid 1308] [client ::1:63055] PHP Warning:  Undefined variable $action in C:\\Users\\ROEURN\\Development\\Projects\\PHP\\Bots\\gss_bot\\admin.php on line 15
[Fri Oct 18 12:19:19.882178 2024] [php:warn] [pid 11064:tid 1308] [client ::1:63055] PHP Warning:  Undefined variable $action in C:\\Users\\ROEURN\\Development\\Projects\\PHP\\Bots\\gss_bot\\admin.php on line 20
[Fri Oct 18 12:19:19.882178 2024] [php:warn] [pid 11064:tid 1308] [client ::1:63055] PHP Warning:  Undefined variable $action in C:\\Users\\ROEURN\\Development\\Projects\\PHP\\Bots\\gss_bot\\admin.php on line 32
[Fri Oct 18 12:19:19.882178 2024] [php:warn] [pid 11064:tid 1308] [client ::1:63055] PHP Warning:  Undefined variable $action in C:\\Users\\ROEURN\\Development\\Projects\\PHP\\Bots\\gss_bot\\admin.php on line 42
[Fri Oct 18 12:19:19.882178 2024] [php:warn] [pid 11064:tid 1308] [client ::1:63055] PHP Warning:  Undefined variable $action in C:\\Users\\ROEURN\\Development\\Projects\\PHP\\Bots\\gss_bot\\admin.php on line 113
[Fri Oct 18 12:19:19.882178 2024] [php:warn] [pid 11064:tid 1308] [client ::1:63055] PHP Warning:  Undefined variable $action in C:\\Users\\ROEURN\\Development\\Projects\\PHP\\Bots\\gss_bot\\admin.php on line 113
[Fri Oct 18 12:19:19.882178 2024] [php:warn] [pid 11064:tid 1308] [client ::1:63055] PHP Warning:  Undefined variable $action in C:\\Users\\ROEURN\\Development\\Projects\\PHP\\Bots\\gss_bot\\admin.php on line 172
[Fri Oct 18 12:19:19.882178 2024] [php:warn] [pid 11064:tid 1308] [client ::1:63055] PHP Warning:  Undefined variable $action in C:\\Users\\ROEURN\\Development\\Projects\\PHP\\Bots\\gss_bot\\admin.php on line 540
[Fri Oct 18 12:19:19.882178 2024] [php:warn] [pid 11064:tid 1308] [client ::1:63055] PHP Warning:  Undefined variable $action in C:\\Users\\ROEURN\\Development\\Projects\\PHP\\Bots\\gss_bot\\admin.php on line 654
[Fri Oct 18 12:19:19.882178 2024] [php:warn] [pid 11064:tid 1308] [client ::1:63055] PHP Warning:  Undefined variable $action in C:\\Users\\ROEURN\\Development\\Projects\\PHP\\Bots\\gss_bot\\admin.php on line 1014
[Fri Oct 18 12:19:19.882178 2024] [php:warn] [pid 11064:tid 1308] [client ::1:63055] PHP Warning:  Undefined variable $action in C:\\Users\\ROEURN\\Development\\Projects\\PHP\\Bots\\gss_bot\\admin.php on line 1014
[Fri Oct 18 12:19:19.882178 2024] [php:warn] [pid 11064:tid 1308] [client ::1:63055] PHP Warning:  Undefined variable $action in C:\\Users\\ROEURN\\Development\\Projects\\PHP\\Bots\\gss_bot\\admin.php on line 1019
[Fri Oct 18 12:19:19.882178 2024] [php:warn] [pid 11064:tid 1308] [client ::1:63055] PHP Warning:  Undefined variable $action in C:\\Users\\ROEURN\\Development\\Projects\\PHP\\Bots\\gss_bot\\admin.php on line 1019
[Fri Oct 18 12:19:19.882178 2024] [php:warn] [pid 11064:tid 1308] [client ::1:63055] PHP Warning:  Undefined variable $action in C:\\Users\\ROEURN\\Development\\Projects\\PHP\\Bots\\gss_bot\\admin.php on line 1026
[Fri Oct 18 12:19:19.882178 2024] [php:warn] [pid 11064:tid 1308] [client ::1:63055] PHP Warning:  Undefined variable $action in C:\\Users\\ROEURN\\Development\\Projects\\PHP\\Bots\\gss_bot\\admin.php on line 1026
[Fri Oct 18 12:19:19.882178 2024] [php:warn] [pid 11064:tid 1308] [client ::1:63055] PHP Warning:  Undefined variable $action in C:\\Users\\ROEURN\\Development\\Projects\\PHP\\Bots\\gss_bot\\admin.php on line 1031
[Fri Oct 18 12:19:19.882178 2024] [php:warn] [pid 11064:tid 1308] [client ::1:63055] PHP Warning:  Undefined variable $action in C:\\Users\\ROEURN\\Development\\Projects\\PHP\\Bots\\gss_bot\\admin.php on line 1031
[Fri Oct 18 12:19:19.882178 2024] [php:warn] [pid 11064:tid 1308] [client ::1:63055] PHP Warning:  Undefined variable $action in C:\\Users\\ROEURN\\Development\\Projects\\PHP\\Bots\\gss_bot\\admin.php on line 1036
[Fri Oct 18 12:19:19.882178 2024] [php:warn] [pid 11064:tid 1308] [client ::1:63055] PHP Warning:  Undefined variable $action in C:\\Users\\ROEURN\\Development\\Projects\\PHP\\Bots\\gss_bot\\admin.php on line 1062
[Fri Oct 18 12:19:19.882178 2024] [php:warn] [pid 11064:tid 1308] [client ::1:63055] PHP Warning:  Undefined variable $action in C:\\Users\\ROEURN\\Development\\Projects\\PHP\\Bots\\gss_bot\\admin.php on line 1086
[Fri Oct 18 12:19:19.882178 2024] [php:warn] [pid 11064:tid 1308] [client ::1:63055] PHP Warning:  Undefined variable $action in C:\\Users\\ROEURN\\Development\\Projects\\PHP\\Bots\\gss_bot\\admin.php on line 1111
[Fri Oct 18 12:19:20.852244 2024] [php:notice] [pid 11064:tid 1308] [client ::1:63055] 0
[Fri Oct 18 12:19:20.917632 2024] [php:warn] [pid 11064:tid 1308] [client ::1:63055] PHP Warning:  Undefined variable $userId in C:\\Users\\ROEURN\\Development\\Projects\\PHP\\Bots\\gss_bot\\admin.php on line 6
[Fri Oct 18 12:19:20.918589 2024] [php:warn] [pid 11064:tid 1308] [client ::1:63055] PHP Warning:  Undefined variable $action in C:\\Users\\ROEURN\\Development\\Projects\\PHP\\Bots\\gss_bot\\admin.php on line 15
[Fri Oct 18 12:19:20.918589 2024] [php:warn] [pid 11064:tid 1308] [client ::1:63055] PHP Warning:  Undefined variable $action in C:\\Users\\ROEURN\\Development\\Projects\\PHP\\Bots\\gss_bot\\admin.php on line 20
[Fri Oct 18 12:19:20.918589 2024] [php:warn] [pid 11064:tid 1308] [client ::1:63055] PHP Warning:  Undefined variable $action in C:\\Users\\ROEURN\\Development\\Projects\\PHP\\Bots\\gss_bot\\admin.php on line 32
[Fri Oct 18 12:19:20.918589 2024] [php:warn] [pid 11064:tid 1308] [client ::1:63055] PHP Warning:  Undefined variable $action in C:\\Users\\ROEURN\\Development\\Projects\\PHP\\Bots\\gss_bot\\admin.php on line 42
[Fri Oct 18 12:19:20.918589 2024] [php:warn] [pid 11064:tid 1308] [client ::1:63055] PHP Warning:  Undefined variable $action in C:\\Users\\ROEURN\\Development\\Projects\\PHP\\Bots\\gss_bot\\admin.php on line 113
[Fri Oct 18 12:19:20.918589 2024] [php:warn] [pid 11064:tid 1308] [client ::1:63055] PHP Warning:  Undefined variable $action in C:\\Users\\ROEURN\\Development\\Projects\\PHP\\Bots\\gss_bot\\admin.php on line 113
[Fri Oct 18 12:19:20.918589 2024] [php:warn] [pid 11064:tid 1308] [client ::1:63055] PHP Warning:  Undefined variable $action in C:\\Users\\ROEURN\\Development\\Projects\\PHP\\Bots\\gss_bot\\admin.php on line 172
[Fri Oct 18 12:19:20.918589 2024] [php:warn] [pid 11064:tid 1308] [client ::1:63055] PHP Warning:  Undefined variable $action in C:\\Users\\ROEURN\\Development\\Projects\\PHP\\Bots\\gss_bot\\admin.php on line 540
[Fri Oct 18 12:19:20.918589 2024] [php:warn] [pid 11064:tid 1308] [client ::1:63055] PHP Warning:  Undefined variable $action in C:\\Users\\ROEURN\\Development\\Projects\\PHP\\Bots\\gss_bot\\admin.php on line 654
[Fri Oct 18 12:19:20.918589 2024] [php:warn] [pid 11064:tid 1308] [client ::1:63055] PHP Warning:  Undefined variable $action in C:\\Users\\ROEURN\\Development\\Projects\\PHP\\Bots\\gss_bot\\admin.php on line 1014
[Fri Oct 18 12:19:20.918589 2024] [php:warn] [pid 11064:tid 1308] [client ::1:63055] PHP Warning:  Undefined variable $action in C:\\Users\\ROEURN\\Development\\Projects\\PHP\\Bots\\gss_bot\\admin.php on line 1014
[Fri Oct 18 12:19:20.918589 2024] [php:warn] [pid 11064:tid 1308] [client ::1:63055] PHP Warning:  Undefined variable $action in C:\\Users\\ROEURN\\Development\\Projects\\PHP\\Bots\\gss_bot\\admin.php on line 1019
[Fri Oct 18 12:19:20.918589 2024] [php:warn] [pid 11064:tid 1308] [client ::1:63055] PHP Warning:  Undefined variable $action in C:\\Users\\ROEURN\\Development\\Projects\\PHP\\Bots\\gss_bot\\admin.php on line 1019
[Fri Oct 18 12:19:20.918589 2024] [php:warn] [pid 11064:tid 1308] [client ::1:63055] PHP Warning:  Undefined variable $action in C:\\Users\\ROEURN\\Development\\Projects\\PHP\\Bots\\gss_bot\\admin.php on line 1026
[Fri Oct 18 12:19:20.918589 2024] [php:warn] [pid 11064:tid 1308] [client ::1:63055] PHP Warning:  Undefined variable $action in C:\\Users\\ROEURN\\Development\\Projects\\PHP\\Bots\\gss_bot\\admin.php on line 1026
[Fri Oct 18 12:19:20.918589 2024] [php:warn] [pid 11064:tid 1308] [client ::1:63055] PHP Warning:  Undefined variable $action in C:\\Users\\ROEURN\\Development\\Projects\\PHP\\Bots\\gss_bot\\admin.php on line 1031
[Fri Oct 18 12:19:20.918589 2024] [php:warn] [pid 11064:tid 1308] [client ::1:63055] PHP Warning:  Undefined variable $action in C:\\Users\\ROEURN\\Development\\Projects\\PHP\\Bots\\gss_bot\\admin.php on line 1031
[Fri Oct 18 12:19:20.918589 2024] [php:warn] [pid 11064:tid 1308] [client ::1:63055] PHP Warning:  Undefined variable $action in C:\\Users\\ROEURN\\Development\\Projects\\PHP\\Bots\\gss_bot\\admin.php on line 1036
[Fri Oct 18 12:19:20.918589 2024] [php:warn] [pid 11064:tid 1308] [client ::1:63055] PHP Warning:  Undefined variable $action in C:\\Users\\ROEURN\\Development\\Projects\\PHP\\Bots\\gss_bot\\admin.php on line 1062
[Fri Oct 18 12:19:20.918589 2024] [php:warn] [pid 11064:tid 1308] [client ::1:63055] PHP Warning:  Undefined variable $action in C:\\Users\\ROEURN\\Development\\Projects\\PHP\\Bots\\gss_bot\\admin.php on line 1086
[Fri Oct 18 12:19:20.918589 2024] [php:warn] [pid 11064:tid 1308] [client ::1:63055] PHP Warning:  Undefined variable $action in C:\\Users\\ROEURN\\Development\\Projects\\PHP\\Bots\\gss_bot\\admin.php on line 1111
[Fri Oct 18 12:19:27.643798 2024] [php:notice] [pid 11064:tid 1312] [client ::1:63062] 0
[Fri Oct 18 12:19:27.715955 2024] [php:warn] [pid 11064:tid 1312] [client ::1:63062] PHP Warning:  Undefined array key "command" in C:\\Users\\ROEURN\\Development\\Projects\\PHP\\Bots\\gss_bot\\report.php on line 6
[Fri Oct 18 12:19:27.715955 2024] [php:warn] [pid 11064:tid 1312] [client ::1:63062] PHP Warning:  Undefined array key "command" in C:\\Users\\ROEURN\\Development\\Projects\\PHP\\Bots\\gss_bot\\report.php on line 40
[Fri Oct 18 12:19:27.715955 2024] [php:warn] [pid 11064:tid 1312] [client ::1:63062] PHP Warning:  Undefined array key "command" in C:\\Users\\ROEURN\\Development\\Projects\\PHP\\Bots\\gss_bot\\report.php on line 66
[Fri Oct 18 12:56:05.782520 2024] [php:notice] [pid 11064:tid 1308] [client ::1:63534] 0
[Fri Oct 18 12:56:06.399437 2024] [php:notice] [pid 11064:tid 1308] [client ::1:63534] 0, referer: https://localhost/
[Fri Oct 18 12:56:25.545107 2024] [php:notice] [pid 11064:tid 1312] [client ::1:63550] 0
[Fri Oct 18 12:56:25.628444 2024] [php:warn] [pid 11064:tid 1312] [client ::1:63550] PHP Warning:  Undefined array key "command" in C:\\Users\\ROEURN\\Development\\Projects\\PHP\\Bots\\gss_bot\\report.php on line 6
[Fri Oct 18 12:56:25.628444 2024] [php:warn] [pid 11064:tid 1312] [client ::1:63550] PHP Warning:  Undefined array key "command" in C:\\Users\\ROEURN\\Development\\Projects\\PHP\\Bots\\gss_bot\\report.php on line 40
[Fri Oct 18 12:56:25.628444 2024] [php:warn] [pid 11064:tid 1312] [client ::1:63550] PHP Warning:  Undefined array key "command" in C:\\Users\\ROEURN\\Development\\Projects\\PHP\\Bots\\gss_bot\\report.php on line 66
[Fri Oct 18 12:56:26.075680 2024] [php:notice] [pid 11064:tid 1312] [client ::1:63550] 0, referer: https://localhost/report.php
[Fri Oct 18 12:56:26.205220 2024] [php:warn] [pid 11064:tid 1312] [client ::1:63550] PHP Warning:  Undefined array key "command" in C:\\Users\\ROEURN\\Development\\Projects\\PHP\\Bots\\gss_bot\\report.php on line 6, referer: https://localhost/report.php
[Fri Oct 18 12:56:26.205220 2024] [php:warn] [pid 11064:tid 1312] [client ::1:63550] PHP Warning:  Undefined array key "command" in C:\\Users\\ROEURN\\Development\\Projects\\PHP\\Bots\\gss_bot\\report.php on line 40, referer: https://localhost/report.php
[Fri Oct 18 12:56:26.205220 2024] [php:warn] [pid 11064:tid 1312] [client ::1:63550] PHP Warning:  Undefined array key "command" in C:\\Users\\ROEURN\\Development\\Projects\\PHP\\Bots\\gss_bot\\report.php on line 66, referer: https://localhost/report.php
[Fri Oct 18 12:57:54.247167 2024] [php:notice] [pid 11064:tid 1308] [client ::1:63593] 0
[Fri Oct 18 12:57:54.306340 2024] [php:warn] [pid 11064:tid 1308] [client ::1:63593] PHP Warning:  Undefined array key "command" in C:\\Users\\ROEURN\\Development\\Projects\\PHP\\Bots\\gss_bot\\report.php on line 6
[Fri Oct 18 12:57:54.306340 2024] [php:warn] [pid 11064:tid 1308] [client ::1:63593] PHP Warning:  Undefined array key "command" in C:\\Users\\ROEURN\\Development\\Projects\\PHP\\Bots\\gss_bot\\report.php on line 40
[Fri Oct 18 12:57:54.306340 2024] [php:warn] [pid 11064:tid 1308] [client ::1:63593] PHP Warning:  Undefined array key "command" in C:\\Users\\ROEURN\\Development\\Projects\\PHP\\Bots\\gss_bot\\report.php on line 66
[Fri Oct 18 12:57:54.687301 2024] [php:notice] [pid 11064:tid 1308] [client ::1:63593] 0, referer: https://localhost/report.php
[Fri Oct 18 12:57:54.792819 2024] [php:warn] [pid 11064:tid 1308] [client ::1:63593] PHP Warning:  Undefined array key "command" in C:\\Users\\ROEURN\\Development\\Projects\\PHP\\Bots\\gss_bot\\report.php on line 6, referer: https://localhost/report.php
[Fri Oct 18 12:57:54.792819 2024] [php:warn] [pid 11064:tid 1308] [client ::1:63593] PHP Warning:  Undefined array key "command" in C:\\Users\\ROEURN\\Development\\Projects\\PHP\\Bots\\gss_bot\\report.php on line 40, referer: https://localhost/report.php
[Fri Oct 18 12:57:54.792819 2024] [php:warn] [pid 11064:tid 1308] [client ::1:63593] PHP Warning:  Undefined array key "command" in C:\\Users\\ROEURN\\Development\\Projects\\PHP\\Bots\\gss_bot\\report.php on line 66, referer: https://localhost/report.php
[Fri Oct 18 12:59:40.170022 2024] [php:notice] [pid 11064:tid 1312] [client ::1:63612] 0
[Fri Oct 18 12:59:40.235340 2024] [php:warn] [pid 11064:tid 1312] [client ::1:63612] PHP Warning:  Undefined array key "command" in C:\\Users\\ROEURN\\Development\\Projects\\PHP\\Bots\\gss_bot\\report.php on line 6
[Fri Oct 18 12:59:40.235340 2024] [php:warn] [pid 11064:tid 1312] [client ::1:63612] PHP Warning:  Undefined array key "command" in C:\\Users\\ROEURN\\Development\\Projects\\PHP\\Bots\\gss_bot\\report.php on line 40
[Fri Oct 18 12:59:40.235340 2024] [php:warn] [pid 11064:tid 1312] [client ::1:63612] PHP Warning:  Undefined array key "command" in C:\\Users\\ROEURN\\Development\\Projects\\PHP\\Bots\\gss_bot\\report.php on line 66
[Fri Oct 18 12:59:40.640828 2024] [php:notice] [pid 11064:tid 1312] [client ::1:63612] 0, referer: https://localhost/report.php
[Fri Oct 18 12:59:40.712779 2024] [php:warn] [pid 11064:tid 1312] [client ::1:63612] PHP Warning:  Undefined array key "command" in C:\\Users\\ROEURN\\Development\\Projects\\PHP\\Bots\\gss_bot\\report.php on line 6, referer: https://localhost/report.php
[Fri Oct 18 12:59:40.712779 2024] [php:warn] [pid 11064:tid 1312] [client ::1:63612] PHP Warning:  Undefined array key "command" in C:\\Users\\ROEURN\\Development\\Projects\\PHP\\Bots\\gss_bot\\report.php on line 40, referer: https://localhost/report.php
[Fri Oct 18 12:59:40.712779 2024] [php:warn] [pid 11064:tid 1312] [client ::1:63612] PHP Warning:  Undefined array key "command" in C:\\Users\\ROEURN\\Development\\Projects\\PHP\\Bots\\gss_bot\\report.php on line 66, referer: https://localhost/report.php
[Fri Oct 18 12:59:41.159627 2024] [php:notice] [pid 11064:tid 1312] [client ::1:63612] 0
[Fri Oct 18 12:59:41.233192 2024] [php:warn] [pid 11064:tid 1312] [client ::1:63612] PHP Warning:  Undefined array key "command" in C:\\Users\\ROEURN\\Development\\Projects\\PHP\\Bots\\gss_bot\\report.php on line 6
[Fri Oct 18 12:59:41.233192 2024] [php:warn] [pid 11064:tid 1312] [client ::1:63612] PHP Warning:  Undefined array key "command" in C:\\Users\\ROEURN\\Development\\Projects\\PHP\\Bots\\gss_bot\\report.php on line 40
[Fri Oct 18 12:59:41.233192 2024] [php:warn] [pid 11064:tid 1312] [client ::1:63612] PHP Warning:  Undefined array key "command" in C:\\Users\\ROEURN\\Development\\Projects\\PHP\\Bots\\gss_bot\\report.php on line 66
[Fri Oct 18 12:59:41.624684 2024] [php:notice] [pid 11064:tid 1312] [client ::1:63612] 0, referer: https://localhost/report.php
[Fri Oct 18 12:59:41.691054 2024] [php:warn] [pid 11064:tid 1312] [client ::1:63612] PHP Warning:  Undefined array key "command" in C:\\Users\\ROEURN\\Development\\Projects\\PHP\\Bots\\gss_bot\\report.php on line 6, referer: https://localhost/report.php
[Fri Oct 18 12:59:41.691054 2024] [php:warn] [pid 11064:tid 1312] [client ::1:63612] PHP Warning:  Undefined array key "command" in C:\\Users\\ROEURN\\Development\\Projects\\PHP\\Bots\\gss_bot\\report.php on line 40, referer: https://localhost/report.php
[Fri Oct 18 12:59:41.691054 2024] [php:warn] [pid 11064:tid 1312] [client ::1:63612] PHP Warning:  Undefined array key "command" in C:\\Users\\ROEURN\\Development\\Projects\\PHP\\Bots\\gss_bot\\report.php on line 66, referer: https://localhost/report.php
[Fri Oct 18 12:59:47.223472 2024] [php:notice] [pid 11064:tid 1308] [client ::1:63626] 0
[Fri Oct 18 12:59:47.307440 2024] [php:warn] [pid 11064:tid 1308] [client ::1:63626] PHP Warning:  Undefined array key "command" in C:\\Users\\ROEURN\\Development\\Projects\\PHP\\Bots\\gss_bot\\report.php on line 6
[Fri Oct 18 12:59:47.307440 2024] [php:warn] [pid 11064:tid 1308] [client ::1:63626] PHP Warning:  Undefined array key "command" in C:\\Users\\ROEURN\\Development\\Projects\\PHP\\Bots\\gss_bot\\report.php on line 40
[Fri Oct 18 12:59:47.307440 2024] [php:warn] [pid 11064:tid 1308] [client ::1:63626] PHP Warning:  Undefined array key "command" in C:\\Users\\ROEURN\\Development\\Projects\\PHP\\Bots\\gss_bot\\report.php on line 66
[Fri Oct 18 12:59:47.683015 2024] [php:notice] [pid 11064:tid 1308] [client ::1:63626] 0, referer: https://localhost/report.php
[Fri Oct 18 12:59:47.754026 2024] [php:warn] [pid 11064:tid 1308] [client ::1:63626] PHP Warning:  Undefined array key "command" in C:\\Users\\ROEURN\\Development\\Projects\\PHP\\Bots\\gss_bot\\report.php on line 6, referer: https://localhost/report.php
[Fri Oct 18 12:59:47.754026 2024] [php:warn] [pid 11064:tid 1308] [client ::1:63626] PHP Warning:  Undefined array key "command" in C:\\Users\\ROEURN\\Development\\Projects\\PHP\\Bots\\gss_bot\\report.php on line 40, referer: https://localhost/report.php
[Fri Oct 18 12:59:47.754026 2024] [php:warn] [pid 11064:tid 1308] [client ::1:63626] PHP Warning:  Undefined array key "command" in C:\\Users\\ROEURN\\Development\\Projects\\PHP\\Bots\\gss_bot\\report.php on line 66, referer: https://localhost/report.php
[Fri Oct 18 12:59:52.557820 2024] [php:notice] [pid 11064:tid 1308] [client ::1:63626] 0
[Fri Oct 18 12:59:53.118167 2024] [php:notice] [pid 11064:tid 1308] [client ::1:63626] 0, referer: https://localhost/
[Fri Oct 18 13:04:02.167542 2024] [php:notice] [pid 11064:tid 1312] [client ::1:63725] 0
[Fri Oct 18 13:04:02.263606 2024] [php:warn] [pid 11064:tid 1312] [client ::1:63725] PHP Warning:  Undefined array key "command" in C:\\Users\\ROEURN\\Development\\Projects\\PHP\\Bots\\gss_bot\\report.php on line 6
[Fri Oct 18 13:04:02.263606 2024] [php:warn] [pid 11064:tid 1312] [client ::1:63725] PHP Warning:  Undefined array key "command" in C:\\Users\\ROEURN\\Development\\Projects\\PHP\\Bots\\gss_bot\\report.php on line 40
[Fri Oct 18 13:04:02.263606 2024] [php:warn] [pid 11064:tid 1312] [client ::1:63725] PHP Warning:  Undefined array key "command" in C:\\Users\\ROEURN\\Development\\Projects\\PHP\\Bots\\gss_bot\\report.php on line 66
[Fri Oct 18 13:04:02.716991 2024] [php:notice] [pid 11064:tid 1312] [client ::1:63725] 0
[Fri Oct 18 13:04:02.787613 2024] [php:warn] [pid 11064:tid 1312] [client ::1:63725] PHP Warning:  Undefined array key "command" in C:\\Users\\ROEURN\\Development\\Projects\\PHP\\Bots\\gss_bot\\report.php on line 6
[Fri Oct 18 13:04:02.787613 2024] [php:warn] [pid 11064:tid 1312] [client ::1:63725] PHP Warning:  Undefined array key "command" in C:\\Users\\ROEURN\\Development\\Projects\\PHP\\Bots\\gss_bot\\report.php on line 40
[Fri Oct 18 13:04:02.787613 2024] [php:warn] [pid 11064:tid 1312] [client ::1:63725] PHP Warning:  Undefined array key "command" in C:\\Users\\ROEURN\\Development\\Projects\\PHP\\Bots\\gss_bot\\report.php on line 66
[Fri Oct 18 13:04:07.149288 2024] [php:notice] [pid 11064:tid 1312] [client ::1:63725] 0
[Fri Oct 18 13:11:04.759511 2024] [php:notice] [pid 11064:tid 1308] [client ::1:63838] 0
[Fri Oct 18 13:11:05.680873 2024] [php:notice] [pid 11064:tid 1308] [client ::1:63838] 0, referer: https://localhost/
[Fri Oct 18 13:14:44.187128 2024] [php:notice] [pid 11064:tid 1312] [client ::1:63883] 0
[Fri Oct 18 13:14:44.750908 2024] [php:notice] [pid 11064:tid 1312] [client ::1:63883] 0, referer: https://localhost/
[Fri Oct 18 13:28:24.775584 2024] [php:notice] [pid 11064:tid 1308] [client ::1:64203] 0
[Fri Oct 18 13:28:26.502695 2024] [php:notice] [pid 11064:tid 1308] [client ::1:64203] 0, referer: https://localhost/
