::1 - - [18/Oct/2024:10:59:02 +0700] "GET /admin.php HTTP/1.1" 200 3392
::1 - - [18/Oct/2024:10:59:03 +0700] "HEAD /admin.php HTTP/1.1" 200 -
::1 - - [18/Oct/2024:10:59:10 +0700] "GET / HTTP/1.1" 200 86
::1 - - [18/Oct/2024:10:59:10 +0700] "HEAD / HTTP/1.1" 200 -
::1 - - [18/Oct/2024:11:05:20 +0700] "GET / HTTP/1.1" 200 86
::1 - - [18/Oct/2024:11:05:21 +0700] "HEAD / HTTP/1.1" 200 -
::1 - - [18/Oct/2024:11:05:22 +0700] "GET / HTTP/1.1" 200 86
::1 - - [18/Oct/2024:11:05:23 +0700] "HEAD / HTTP/1.1" 200 -
::1 - - [18/Oct/2024:11:05:23 +0700] "GET / HTTP/1.1" 200 86
::1 - - [18/Oct/2024:11:05:24 +0700] "HEAD / HTTP/1.1" 200 -
::1 - - [18/Oct/2024:11:08:34 +0700] "GET / HTTP/1.1" 200 1630
::1 - - [18/Oct/2024:11:08:35 +0700] "HEAD / HTTP/1.1" 200 -
::1 - - [18/Oct/2024:11:10:56 +0700] "GET / HTTP/1.1" 200 86
::1 - - [18/Oct/2024:11:10:57 +0700] "HEAD / HTTP/1.1" 200 -
::1 - - [18/Oct/2024:11:12:09 +0700] "GET / HTTP/1.1" 200 1630
::1 - - [18/Oct/2024:11:12:11 +0700] "HEAD / HTTP/1.1" 200 -
::1 - - [18/Oct/2024:11:42:41 +0700] "GET / HTTP/1.1" 200 86
::1 - - [18/Oct/2024:11:42:41 +0700] "GET /favicon.ico HTTP/1.1" 404 196
::1 - - [18/Oct/2024:11:43:38 +0700] "GET /load.php HTTP/1.1" 200 86
::1 - - [18/Oct/2024:11:51:57 +0700] "GET / HTTP/1.1" 200 -
::1 - - [18/Oct/2024:11:51:58 +0700] "HEAD / HTTP/1.1" 200 -
::1 - - [18/Oct/2024:11:52:40 +0700] "GET / HTTP/1.1" 200 -
::1 - - [18/Oct/2024:11:52:40 +0700] "HEAD / HTTP/1.1" 200 -
::1 - - [18/Oct/2024:12:14:45 +0700] "GET /report.php HTTP/1.1" 200 458
::1 - - [18/Oct/2024:12:16:09 +0700] "GET /report.php HTTP/1.1" 200 458
::1 - - [18/Oct/2024:12:17:45 +0700] "GET /report.php HTTP/1.1" 200 458
::1 - - [18/Oct/2024:12:17:46 +0700] "GET /report.php HTTP/1.1" 200 458
::1 - - [18/Oct/2024:12:17:46 +0700] "GET /report.php HTTP/1.1" 200 458
::1 - - [18/Oct/2024:12:17:51 +0700] "GET /admin.php HTTP/1.1" 200 3306
::1 - - [18/Oct/2024:12:19:19 +0700] "GET /admin.php HTTP/1.1" 200 3306
::1 - - [18/Oct/2024:12:19:20 +0700] "GET /admin.php HTTP/1.1" 200 3306
::1 - - [18/Oct/2024:12:19:27 +0700] "GET /report.php HTTP/1.1" 200 458
::1 - - [18/Oct/2024:12:56:05 +0700] "GET / HTTP/1.1" 200 -
::1 - - [18/Oct/2024:12:56:06 +0700] "HEAD / HTTP/1.1" 200 -
::1 - - [18/Oct/2024:12:56:25 +0700] "GET /report.php HTTP/1.1" 200 458
::1 - - [18/Oct/2024:12:56:26 +0700] "HEAD /report.php HTTP/1.1" 200 -
::1 - - [18/Oct/2024:12:57:54 +0700] "GET /report.php HTTP/1.1" 200 458
::1 - - [18/Oct/2024:12:57:54 +0700] "HEAD /report.php HTTP/1.1" 200 -
::1 - - [18/Oct/2024:12:59:40 +0700] "GET /report.php HTTP/1.1" 200 458
::1 - - [18/Oct/2024:12:59:40 +0700] "HEAD /report.php HTTP/1.1" 200 -
::1 - - [18/Oct/2024:12:59:41 +0700] "GET /report.php HTTP/1.1" 200 458
::1 - - [18/Oct/2024:12:59:41 +0700] "HEAD /report.php HTTP/1.1" 200 -
::1 - - [18/Oct/2024:12:59:47 +0700] "GET /report.php HTTP/1.1" 200 458
::1 - - [18/Oct/2024:12:59:47 +0700] "HEAD /report.php HTTP/1.1" 200 -
::1 - - [18/Oct/2024:12:59:52 +0700] "GET / HTTP/1.1" 200 -
::1 - - [18/Oct/2024:12:59:53 +0700] "HEAD / HTTP/1.1" 200 -
::1 - - [18/Oct/2024:13:04:02 +0700] "GET /report.php HTTP/1.1" 200 458
::1 - - [18/Oct/2024:13:04:02 +0700] "GET /report.php HTTP/1.1" 200 458
::1 - - [18/Oct/2024:13:04:07 +0700] "GET / HTTP/1.1" 200 -
::1 - - [18/Oct/2024:13:11:04 +0700] "GET / HTTP/1.1" 200 -
::1 - - [18/Oct/2024:13:11:05 +0700] "HEAD / HTTP/1.1" 200 -
::1 - - [18/Oct/2024:13:14:44 +0700] "GET / HTTP/1.1" 200 -
::1 - - [18/Oct/2024:13:14:44 +0700] "HEAD / HTTP/1.1" 200 -
::1 - - [18/Oct/2024:13:28:24 +0700] "GET / HTTP/1.1" 200 -
::1 - - [18/Oct/2024:13:28:26 +0700] "HEAD / HTTP/1.1" 200 -
